Using pre-set license
Built from '2020.3/release' branch; Version is '2020.3.7f1 (dd97f2c94397) revision 14522354'; Using compiler version '192528614'; Build Type 'Release'
OS: 'Windows 10 Home; OS build 19044.2604; Version 2009; 64bit' Language: 'en' Physical Memory: 8092 MB
BatchMode: 1, IsHumanControllingUs: 0, StartBugReporterOnCrash: 0, Is64bit: 1, IsPro: 0

 COMMAND LINE ARGUMENTS:
C:\Program Files\Unity\Hub\Editor\2020.3.7f1\Editor\Unity.exe
-adb2
-batchMode
-noUpm
-name
AssetImportWorker0
-projectPath
D:/unity_projects/FlowFree
-logFile
Logs/AssetImportWorker0.log
-srvPort
53556
Successfully changed project path to: D:/unity_projects/FlowFree
D:/unity_projects/FlowFree
Using Asset Import Pipeline V2.
Refreshing native plugins compatible for Editor in 43.55 ms, found 1 plugins.
Preloading 0 native plugins for Editor in 0.00 ms.
Initialize engine version: 2020.3.7f1 (dd97f2c94397)
[Subsystems] Discovering subsystems at path C:/Program Files/Unity/Hub/Editor/2020.3.7f1/Editor/Data/Resources/UnitySubsystems
[Subsystems] Discovering subsystems at path D:/unity_projects/FlowFree/Assets
GfxDevice: creating device client; threaded=0
Direct3D:
    Version:  Direct3D 11.0 [level 11.0]
    Renderer: NVIDIA GeForce 920MX (ID=0x134f)
    Vendor:   
    VRAM:     2020 MB
    Driver:   22.21.13.8264
Initialize mono
Mono path[0] = 'C:/Program Files/Unity/Hub/Editor/2020.3.7f1/Editor/Data/Managed'
Mono path[1] = 'C:/Program Files/Unity/Hub/Editor/2020.3.7f1/Editor/Data/MonoBleedingEdge/lib/mono/unityjit'
Mono config path = 'C:/Program Files/Unity/Hub/Editor/2020.3.7f1/Editor/Data/MonoBleedingEdge/etc'
Using monoOptions --debugger-agent=transport=dt_socket,embedding=1,server=y,suspend=n,address=127.0.0.1:56856
Begin MonoManager ReloadAssembly
Registering precompiled unity dll's ...
Register platform support module: C:/Program Files/Unity/Hub/Editor/2020.3.7f1/Editor/Data/PlaybackEngines/WebGLSupport/UnityEditor.WebGL.Extensions.dll
Register platform support module: C:/Program Files/Unity/Hub/Editor/2020.3.7f1/Editor/Data/PlaybackEngines/WindowsStandaloneSupport/UnityEditor.WindowsStandalone.Extensions.dll
Registered in 0.003358 seconds.
Native extension for WindowsStandalone target not found
Native extension for WebGL target not found
Refreshing native plugins compatible for Editor in 43.58 ms, found 1 plugins.
Preloading 0 native plugins for Editor in 0.00 ms.
Mono: successfully reloaded assembly
- Completed reload, in  4.182 seconds
Platform modules already initialized, skipping
Registering precompiled user dll's ...
Registered in 0.001449 seconds.
Begin MonoManager ReloadAssembly
Native extension for WindowsStandalone target not found
Native extension for WebGL target not found
Refreshing native plugins compatible for Editor in 56.49 ms, found 1 plugins.
Preloading 0 native plugins for Editor in 0.00 ms.
Mono: successfully reloaded assembly
- Completed reload, in  1.351 seconds
Platform modules already initialized, skipping
========================================================================
Worker process is ready to serve import requests
Launched and connected shader compiler UnityShaderCompiler.exe after 0.06 seconds
Refreshing native plugins compatible for Editor in 0.62 ms, found 1 plugins.
Preloading 0 native plugins for Editor in 0.00 ms.
Unloading 1845 Unused Serialized files (Serialized files now loaded: 0)
System memory in use before: 87.7 MB.
System memory in use after: 87.3 MB.

Unloading 34 unused Assets to reduce memory usage. Loaded Objects now: 2285.
Total: 2.966900 ms (FindLiveObjects: 0.466000 ms CreateObjectMapping: 0.166900 ms MarkObjects: 2.025200 ms  DeleteObjects: 0.307100 ms)

========================================================================
Received Import Request.
  path: Assets/Connect/Scripts/Level/Gameplay.cs
  artifactKey: Guid(5d4cc5906d67c5c4785a247054634ff7) Importer(815301076,1909f56bfc062723c751e8b465ee728b)
Start importing Assets/Connect/Scripts/Level/Gameplay.cs using Guid(5d4cc5906d67c5c4785a247054634ff7) Importer(815301076,1909f56bfc062723c751e8b465ee728b)  -> (artifact id: '0448bb9144e778c0a1d7984ce8ab2251') in 0.032530 seconds
  Import took 0.036416 seconds .

========================================================================
Received Prepare
Refreshing native plugins compatible for Editor in 2.89 ms, found 1 plugins.
Preloading 0 native plugins for Editor in 0.00 ms.
Unloading 20 Unused Serialized files (Serialized files now loaded: 0)
System memory in use before: 51.1 MB.
System memory in use after: 50.7 MB.

Unloading 20 unused Assets to reduce memory usage. Loaded Objects now: 2285.
Total: 3.779200 ms (FindLiveObjects: 0.457600 ms CreateObjectMapping: 0.162100 ms MarkObjects: 2.605400 ms  DeleteObjects: 0.551900 ms)

========================================================================
Received Prepare
Registering precompiled user dll's ...
Registered in 0.002899 seconds.
Begin MonoManager ReloadAssembly
Native extension for WindowsStandalone target not found
Native extension for WebGL target not found
Refreshing native plugins compatible for Editor in 0.40 ms, found 1 plugins.
Preloading 0 native plugins for Editor in 0.00 ms.
Mono: successfully reloaded assembly
- Completed reload, in  1.134 seconds
Platform modules already initialized, skipping
Refreshing native plugins compatible for Editor in 0.39 ms, found 1 plugins.
Preloading 0 native plugins for Editor in 0.00 ms.
Unloading 1835 Unused Serialized files (Serialized files now loaded: 0)
System memory in use before: 87.2 MB.
System memory in use after: 86.8 MB.

Unloading 22 unused Assets to reduce memory usage. Loaded Objects now: 2289.
Total: 2.982800 ms (FindLiveObjects: 0.257200 ms CreateObjectMapping: 0.151300 ms MarkObjects: 2.259800 ms  DeleteObjects: 0.312400 ms)

========================================================================
Received Import Request.
  Time since last request: 29.867358 seconds.
  path: Assets/Connect/Scripts/Scripts.asmdef
  artifactKey: Guid(62f004fee6ec20d4387b73ad4e622922) Importer(815301076,1909f56bfc062723c751e8b465ee728b)
Start importing Assets/Connect/Scripts/Scripts.asmdef using Guid(62f004fee6ec20d4387b73ad4e622922) Importer(815301076,1909f56bfc062723c751e8b465ee728b)  -> (artifact id: 'c084ba22bc5fe511eae3cb0b619c4000') in 0.008487 seconds
  Import took 0.014294 seconds .

========================================================================
Received Prepare
Registering precompiled user dll's ...
Registered in 0.001579 seconds.
Begin MonoManager ReloadAssembly
Native extension for WindowsStandalone target not found
Native extension for WebGL target not found
Refreshing native plugins compatible for Editor in 0.40 ms, found 1 plugins.
Preloading 0 native plugins for Editor in 0.00 ms.
Mono: successfully reloaded assembly
- Completed reload, in  1.458 seconds
Platform modules already initialized, skipping
Refreshing native plugins compatible for Editor in 0.73 ms, found 1 plugins.
Preloading 0 native plugins for Editor in 0.00 ms.
Unloading 1835 Unused Serialized files (Serialized files now loaded: 0)
System memory in use before: 87.2 MB.
System memory in use after: 86.8 MB.

Unloading 22 unused Assets to reduce memory usage. Loaded Objects now: 2293.
Total: 3.239400 ms (FindLiveObjects: 0.218100 ms CreateObjectMapping: 0.096700 ms MarkObjects: 2.546000 ms  DeleteObjects: 0.376700 ms)

========================================================================
Received Prepare
Registering precompiled user dll's ...
Registered in 0.001394 seconds.
Begin MonoManager ReloadAssembly
Native extension for WindowsStandalone target not found
Native extension for WebGL target not found
Refreshing native plugins compatible for Editor in 0.39 ms, found 1 plugins.
Preloading 0 native plugins for Editor in 0.00 ms.
Mono: successfully reloaded assembly
- Completed reload, in  1.120 seconds
Platform modules already initialized, skipping
Refreshing native plugins compatible for Editor in 0.44 ms, found 1 plugins.
Preloading 0 native plugins for Editor in 0.00 ms.
Unloading 1835 Unused Serialized files (Serialized files now loaded: 0)
System memory in use before: 87.3 MB.
System memory in use after: 86.9 MB.

Unloading 22 unused Assets to reduce memory usage. Loaded Objects now: 2297.
Total: 3.237000 ms (FindLiveObjects: 0.358700 ms CreateObjectMapping: 0.241700 ms MarkObjects: 2.238700 ms  DeleteObjects: 0.395500 ms)

========================================================================
Received Import Request.
  Time since last request: 92.538206 seconds.
  path: Assets/Connect/Animations/highlight.anim
  artifactKey: Guid(edee806206b13914a933f2e3306ae8a0) Importer(815301076,1909f56bfc062723c751e8b465ee728b)
Start importing Assets/Connect/Animations/highlight.anim using Guid(edee806206b13914a933f2e3306ae8a0) Importer(815301076,1909f56bfc062723c751e8b465ee728b)  -> (artifact id: 'b976b7a813c847974b62135ed9ac4b27') in 0.017691 seconds
  Import took 0.022309 seconds .

========================================================================
Received Import Request.
  Time since last request: 0.026532 seconds.
  path: Assets/Connect/Animations/highlight.anim
  artifactKey: Guid(edee806206b13914a933f2e3306ae8a0) Importer(815301076,1909f56bfc062723c751e8b465ee728b)
Start importing Assets/Connect/Animations/highlight.anim using Guid(edee806206b13914a933f2e3306ae8a0) Importer(815301076,1909f56bfc062723c751e8b465ee728b)  -> (artifact id: 'b976b7a813c847974b62135ed9ac4b27') in 0.002462 seconds
  Import took 0.006644 seconds .

========================================================================
Received Prepare
Registering precompiled user dll's ...
Registered in 0.001422 seconds.
Begin MonoManager ReloadAssembly
Native extension for WindowsStandalone target not found
Native extension for WebGL target not found
Refreshing native plugins compatible for Editor in 0.41 ms, found 1 plugins.
Preloading 0 native plugins for Editor in 0.00 ms.
Mono: successfully reloaded assembly
- Completed reload, in  1.163 seconds
Platform modules already initialized, skipping
Refreshing native plugins compatible for Editor in 0.41 ms, found 1 plugins.
Preloading 0 native plugins for Editor in 0.00 ms.
Unloading 1835 Unused Serialized files (Serialized files now loaded: 0)
System memory in use before: 87.3 MB.
System memory in use after: 86.9 MB.

Unloading 22 unused Assets to reduce memory usage. Loaded Objects now: 2301.
Total: 3.343600 ms (FindLiveObjects: 0.321700 ms CreateObjectMapping: 0.154000 ms MarkObjects: 2.517600 ms  DeleteObjects: 0.347600 ms)

========================================================================
Received Prepare
Registering precompiled user dll's ...
Registered in 0.001392 seconds.
Begin MonoManager ReloadAssembly
Native extension for WindowsStandalone target not found
Native extension for WebGL target not found
Refreshing native plugins compatible for Editor in 0.40 ms, found 1 plugins.
Preloading 0 native plugins for Editor in 0.00 ms.
Mono: successfully reloaded assembly
- Completed reload, in  1.169 seconds
Platform modules already initialized, skipping
Refreshing native plugins compatible for Editor in 0.43 ms, found 1 plugins.
Preloading 0 native plugins for Editor in 0.00 ms.
Unloading 1835 Unused Serialized files (Serialized files now loaded: 0)
System memory in use before: 87.3 MB.
System memory in use after: 86.9 MB.

Unloading 22 unused Assets to reduce memory usage. Loaded Objects now: 2305.
Total: 2.627700 ms (FindLiveObjects: 0.212700 ms CreateObjectMapping: 0.087300 ms MarkObjects: 1.889300 ms  DeleteObjects: 0.436200 ms)

========================================================================
Received Prepare
Registering precompiled user dll's ...
Registered in 0.001716 seconds.
Begin MonoManager ReloadAssembly
Native extension for WindowsStandalone target not found
Native extension for WebGL target not found
Refreshing native plugins compatible for Editor in 0.44 ms, found 1 plugins.
Preloading 0 native plugins for Editor in 0.00 ms.
Mono: successfully reloaded assembly
- Completed reload, in  1.220 seconds
Platform modules already initialized, skipping
Refreshing native plugins compatible for Editor in 0.54 ms, found 1 plugins.
Preloading 0 native plugins for Editor in 0.00 ms.
Unloading 1835 Unused Serialized files (Serialized files now loaded: 0)
System memory in use before: 87.3 MB.
System memory in use after: 86.9 MB.

Unloading 22 unused Assets to reduce memory usage. Loaded Objects now: 2309.
Total: 2.952700 ms (FindLiveObjects: 0.199700 ms CreateObjectMapping: 0.070600 ms MarkObjects: 2.307300 ms  DeleteObjects: 0.372900 ms)

========================================================================
Received Prepare
Registering precompiled user dll's ...
Registered in 0.002297 seconds.
Begin MonoManager ReloadAssembly
Native extension for WindowsStandalone target not found
Native extension for WebGL target not found
Refreshing native plugins compatible for Editor in 0.50 ms, found 1 plugins.
Preloading 0 native plugins for Editor in 0.00 ms.
Mono: successfully reloaded assembly
- Completed reload, in  5.829 seconds
Platform modules already initialized, skipping
Refreshing native plugins compatible for Editor in 0.69 ms, found 1 plugins.
Preloading 0 native plugins for Editor in 0.00 ms.
Unloading 1835 Unused Serialized files (Serialized files now loaded: 0)
System memory in use before: 87.3 MB.
System memory in use after: 86.9 MB.

Unloading 22 unused Assets to reduce memory usage. Loaded Objects now: 2313.
Total: 4.976600 ms (FindLiveObjects: 0.511300 ms CreateObjectMapping: 0.193600 ms MarkObjects: 3.785600 ms  DeleteObjects: 0.483700 ms)

========================================================================
Received Prepare
Registering precompiled user dll's ...
Registered in 0.002837 seconds.
Begin MonoManager ReloadAssembly
Native extension for WindowsStandalone target not found
Native extension for WebGL target not found
Refreshing native plugins compatible for Editor in 0.40 ms, found 1 plugins.
Preloading 0 native plugins for Editor in 0.00 ms.
Mono: successfully reloaded assembly
- Completed reload, in  1.000 seconds
Platform modules already initialized, skipping
Refreshing native plugins compatible for Editor in 0.42 ms, found 1 plugins.
Preloading 0 native plugins for Editor in 0.00 ms.
Unloading 1835 Unused Serialized files (Serialized files now loaded: 0)
System memory in use before: 87.3 MB.
System memory in use after: 86.9 MB.

Unloading 22 unused Assets to reduce memory usage. Loaded Objects now: 2317.
Total: 2.714100 ms (FindLiveObjects: 0.222100 ms CreateObjectMapping: 0.110900 ms MarkObjects: 2.041100 ms  DeleteObjects: 0.338600 ms)

========================================================================
Received Prepare
Registering precompiled user dll's ...
Registered in 0.001959 seconds.
Begin MonoManager ReloadAssembly
Native extension for WindowsStandalone target not found
Native extension for WebGL target not found
Refreshing native plugins compatible for Editor in 0.62 ms, found 1 plugins.
Preloading 0 native plugins for Editor in 0.00 ms.
Mono: successfully reloaded assembly
- Completed reload, in  1.067 seconds
Platform modules already initialized, skipping
Refreshing native plugins compatible for Editor in 0.40 ms, found 1 plugins.
Preloading 0 native plugins for Editor in 0.00 ms.
Unloading 1835 Unused Serialized files (Serialized files now loaded: 0)
System memory in use before: 87.3 MB.
System memory in use after: 86.9 MB.

Unloading 22 unused Assets to reduce memory usage. Loaded Objects now: 2321.
Total: 2.699000 ms (FindLiveObjects: 0.318900 ms CreateObjectMapping: 0.101700 ms MarkObjects: 1.938500 ms  DeleteObjects: 0.338500 ms)

========================================================================
Received Prepare
Registering precompiled user dll's ...
Registered in 0.001819 seconds.
Begin MonoManager ReloadAssembly
Native extension for WindowsStandalone target not found
Native extension for WebGL target not found
Refreshing native plugins compatible for Editor in 0.45 ms, found 1 plugins.
Preloading 0 native plugins for Editor in 0.00 ms.
Mono: successfully reloaded assembly
- Completed reload, in  1.250 seconds
Platform modules already initialized, skipping
Refreshing native plugins compatible for Editor in 0.39 ms, found 1 plugins.
Preloading 0 native plugins for Editor in 0.00 ms.
Unloading 1835 Unused Serialized files (Serialized files now loaded: 0)
System memory in use before: 87.3 MB.
System memory in use after: 86.9 MB.

Unloading 22 unused Assets to reduce memory usage. Loaded Objects now: 2325.
Total: 2.687200 ms (FindLiveObjects: 0.306200 ms CreateObjectMapping: 0.135300 ms MarkObjects: 1.893400 ms  DeleteObjects: 0.349800 ms)

========================================================================
Received Prepare
Registering precompiled user dll's ...
Registered in 0.001470 seconds.
Begin MonoManager ReloadAssembly
Native extension for WindowsStandalone target not found
Native extension for WebGL target not found
Refreshing native plugins compatible for Editor in 0.46 ms, found 1 plugins.
Preloading 0 native plugins for Editor in 0.00 ms.
Mono: successfully reloaded assembly
- Completed reload, in  1.102 seconds
Platform modules already initialized, skipping
Refreshing native plugins compatible for Editor in 0.43 ms, found 1 plugins.
Preloading 0 native plugins for Editor in 0.00 ms.
Unloading 1835 Unused Serialized files (Serialized files now loaded: 0)
System memory in use before: 87.4 MB.
System memory in use after: 86.9 MB.

Unloading 22 unused Assets to reduce memory usage. Loaded Objects now: 2329.
Total: 3.209400 ms (FindLiveObjects: 0.374200 ms CreateObjectMapping: 0.201000 ms MarkObjects: 2.298300 ms  DeleteObjects: 0.333400 ms)

========================================================================
Received Prepare
Registering precompiled user dll's ...
Registered in 0.001709 seconds.
Begin MonoManager ReloadAssembly
Native extension for WindowsStandalone target not found
Native extension for WebGL target not found
Refreshing native plugins compatible for Editor in 0.56 ms, found 1 plugins.
Preloading 0 native plugins for Editor in 0.00 ms.
Mono: successfully reloaded assembly
- Completed reload, in  1.416 seconds
Platform modules already initialized, skipping
Refreshing native plugins compatible for Editor in 0.72 ms, found 1 plugins.
Preloading 0 native plugins for Editor in 0.00 ms.
Unloading 1835 Unused Serialized files (Serialized files now loaded: 0)
System memory in use before: 87.4 MB.
System memory in use after: 87.0 MB.

Unloading 22 unused Assets to reduce memory usage. Loaded Objects now: 2333.
Total: 3.477000 ms (FindLiveObjects: 0.402200 ms CreateObjectMapping: 0.218900 ms MarkObjects: 2.473200 ms  DeleteObjects: 0.380100 ms)

========================================================================
Received Prepare
Registering precompiled user dll's ...
Registered in 0.001980 seconds.
Begin MonoManager ReloadAssembly
Native extension for WindowsStandalone target not found
Native extension for WebGL target not found
Refreshing native plugins compatible for Editor in 0.40 ms, found 1 plugins.
Preloading 0 native plugins for Editor in 0.00 ms.
Mono: successfully reloaded assembly
- Completed reload, in  1.116 seconds
Platform modules already initialized, skipping
Refreshing native plugins compatible for Editor in 0.58 ms, found 1 plugins.
Preloading 0 native plugins for Editor in 0.00 ms.
Unloading 1835 Unused Serialized files (Serialized files now loaded: 0)
System memory in use before: 87.4 MB.
System memory in use after: 87.0 MB.

Unloading 22 unused Assets to reduce memory usage. Loaded Objects now: 2337.
Total: 2.878700 ms (FindLiveObjects: 0.394800 ms CreateObjectMapping: 0.172200 ms MarkObjects: 1.972000 ms  DeleteObjects: 0.336600 ms)

========================================================================
Received Prepare
Registering precompiled user dll's ...
Registered in 0.001752 seconds.
Begin MonoManager ReloadAssembly
Native extension for WindowsStandalone target not found
Native extension for WebGL target not found
Refreshing native plugins compatible for Editor in 0.74 ms, found 1 plugins.
Preloading 0 native plugins for Editor in 0.00 ms.
Mono: successfully reloaded assembly
- Completed reload, in  1.401 seconds
Platform modules already initialized, skipping
Refreshing native plugins compatible for Editor in 0.48 ms, found 1 plugins.
Preloading 0 native plugins for Editor in 0.00 ms.
Unloading 1835 Unused Serialized files (Serialized files now loaded: 0)
System memory in use before: 87.4 MB.
System memory in use after: 87.0 MB.

Unloading 22 unused Assets to reduce memory usage. Loaded Objects now: 2341.
Total: 3.337500 ms (FindLiveObjects: 0.363300 ms CreateObjectMapping: 0.161200 ms MarkObjects: 2.427500 ms  DeleteObjects: 0.382700 ms)

========================================================================
Received Prepare
Registering precompiled user dll's ...
Registered in 0.001653 seconds.
Begin MonoManager ReloadAssembly
Native extension for WindowsStandalone target not found
Native extension for WebGL target not found
Refreshing native plugins compatible for Editor in 0.47 ms, found 1 plugins.
Preloading 0 native plugins for Editor in 0.00 ms.
Mono: successfully reloaded assembly
- Completed reload, in  1.382 seconds
Platform modules already initialized, skipping
Refreshing native plugins compatible for Editor in 0.50 ms, found 1 plugins.
Preloading 0 native plugins for Editor in 0.00 ms.
Unloading 1835 Unused Serialized files (Serialized files now loaded: 0)
System memory in use before: 87.4 MB.
System memory in use after: 87.0 MB.

Unloading 22 unused Assets to reduce memory usage. Loaded Objects now: 2345.
Total: 3.079500 ms (FindLiveObjects: 0.235100 ms CreateObjectMapping: 0.097100 ms MarkObjects: 2.371700 ms  DeleteObjects: 0.373800 ms)

========================================================================
Received Prepare
Registering precompiled user dll's ...
Registered in 0.001433 seconds.
Begin MonoManager ReloadAssembly
Native extension for WindowsStandalone target not found
Native extension for WebGL target not found
Refreshing native plugins compatible for Editor in 0.42 ms, found 1 plugins.
Preloading 0 native plugins for Editor in 0.00 ms.
Mono: successfully reloaded assembly
- Completed reload, in  1.124 seconds
Platform modules already initialized, skipping
Refreshing native plugins compatible for Editor in 0.43 ms, found 1 plugins.
Preloading 0 native plugins for Editor in 0.00 ms.
Unloading 1835 Unused Serialized files (Serialized files now loaded: 0)
System memory in use before: 87.4 MB.
System memory in use after: 87.0 MB.

Unloading 22 unused Assets to reduce memory usage. Loaded Objects now: 2349.
Total: 3.010000 ms (FindLiveObjects: 0.336500 ms CreateObjectMapping: 0.160800 ms MarkObjects: 2.075400 ms  DeleteObjects: 0.435200 ms)

========================================================================
Received Prepare
Registering precompiled user dll's ...
Registered in 0.002415 seconds.
Begin MonoManager ReloadAssembly
Native extension for WindowsStandalone target not found
Native extension for WebGL target not found
Refreshing native plugins compatible for Editor in 0.39 ms, found 1 plugins.
Preloading 0 native plugins for Editor in 0.00 ms.
Mono: successfully reloaded assembly
- Completed reload, in  1.362 seconds
Platform modules already initialized, skipping
Refreshing native plugins compatible for Editor in 0.42 ms, found 1 plugins.
Preloading 0 native plugins for Editor in 0.00 ms.
Unloading 1835 Unused Serialized files (Serialized files now loaded: 0)
System memory in use before: 87.4 MB.
System memory in use after: 87.0 MB.

Unloading 22 unused Assets to reduce memory usage. Loaded Objects now: 2353.
Total: 2.997100 ms (FindLiveObjects: 0.357600 ms CreateObjectMapping: 0.132700 ms MarkObjects: 2.183300 ms  DeleteObjects: 0.320500 ms)

========================================================================
Received Import Request.
  Time since last request: 1709.469759 seconds.
  path: Assets/Connect/Scripts/LevelGenerator.cs
  artifactKey: Guid(ffb693fe0e2476b4c913fde5e6a20930) Importer(815301076,1909f56bfc062723c751e8b465ee728b)
Start importing Assets/Connect/Scripts/LevelGenerator.cs using Guid(ffb693fe0e2476b4c913fde5e6a20930) Importer(815301076,1909f56bfc062723c751e8b465ee728b)  -> (artifact id: '31535500719179c0c51a842f1e96e91a') in 0.006384 seconds
  Import took 0.011744 seconds .

========================================================================
Received Import Request.
  Time since last request: 0.038997 seconds.
  path: Assets/Connect/Scripts/LevelGenerator.cs
  artifactKey: Guid(ffb693fe0e2476b4c913fde5e6a20930) Importer(815301076,1909f56bfc062723c751e8b465ee728b)
Start importing Assets/Connect/Scripts/LevelGenerator.cs using Guid(ffb693fe0e2476b4c913fde5e6a20930) Importer(815301076,1909f56bfc062723c751e8b465ee728b)  -> (artifact id: '31535500719179c0c51a842f1e96e91a') in 0.001681 seconds
  Import took 0.005589 seconds .

========================================================================
Received Prepare
Registering precompiled user dll's ...
Registered in 0.001663 seconds.
Begin MonoManager ReloadAssembly
Native extension for WindowsStandalone target not found
Native extension for WebGL target not found
Refreshing native plugins compatible for Editor in 0.60 ms, found 1 plugins.
Preloading 0 native plugins for Editor in 0.00 ms.
Mono: successfully reloaded assembly
- Completed reload, in  1.327 seconds
Platform modules already initialized, skipping
Refreshing native plugins compatible for Editor in 0.51 ms, found 1 plugins.
Preloading 0 native plugins for Editor in 0.00 ms.
Unloading 1835 Unused Serialized files (Serialized files now loaded: 0)
System memory in use before: 87.4 MB.
System memory in use after: 87.0 MB.

Unloading 22 unused Assets to reduce memory usage. Loaded Objects now: 2357.
Total: 3.135900 ms (FindLiveObjects: 0.212000 ms CreateObjectMapping: 0.086200 ms MarkObjects: 2.464100 ms  DeleteObjects: 0.371500 ms)

========================================================================
Received Import Request.
  Time since last request: 13440.142669 seconds.
  path: Assets/Connect/Scripts/LevelGenerator.cs
  artifactKey: Guid(ffb693fe0e2476b4c913fde5e6a20930) Importer(815301076,1909f56bfc062723c751e8b465ee728b)
Start importing Assets/Connect/Scripts/LevelGenerator.cs using Guid(ffb693fe0e2476b4c913fde5e6a20930) Importer(815301076,1909f56bfc062723c751e8b465ee728b)  -> (artifact id: '01f6acc6bb402546d836e23f95e3b749') in 0.004556 seconds
  Import took 0.009655 seconds .

========================================================================
Received Prepare
Registering precompiled user dll's ...
Registered in 0.001441 seconds.
Begin MonoManager ReloadAssembly
Native extension for WindowsStandalone target not found
Native extension for WebGL target not found
Refreshing native plugins compatible for Editor in 0.42 ms, found 1 plugins.
Preloading 0 native plugins for Editor in 0.00 ms.
Mono: successfully reloaded assembly
- Completed reload, in  1.085 seconds
Platform modules already initialized, skipping
Refreshing native plugins compatible for Editor in 0.39 ms, found 1 plugins.
Preloading 0 native plugins for Editor in 0.00 ms.
Unloading 1835 Unused Serialized files (Serialized files now loaded: 0)
System memory in use before: 87.4 MB.
System memory in use after: 87.0 MB.

Unloading 22 unused Assets to reduce memory usage. Loaded Objects now: 2361.
Total: 3.054900 ms (FindLiveObjects: 0.643200 ms CreateObjectMapping: 0.122700 ms MarkObjects: 1.954900 ms  DeleteObjects: 0.332300 ms)

========================================================================
Received Prepare
Registering precompiled user dll's ...
Registered in 0.002641 seconds.
Begin MonoManager ReloadAssembly
Native extension for WindowsStandalone target not found
Native extension for WebGL target not found
Refreshing native plugins compatible for Editor in 0.40 ms, found 1 plugins.
Preloading 0 native plugins for Editor in 0.00 ms.
Mono: successfully reloaded assembly
- Completed reload, in  1.428 seconds
Platform modules already initialized, skipping
Refreshing native plugins compatible for Editor in 0.50 ms, found 1 plugins.
Preloading 0 native plugins for Editor in 0.00 ms.
Unloading 1835 Unused Serialized files (Serialized files now loaded: 0)
System memory in use before: 87.4 MB.
System memory in use after: 87.0 MB.

Unloading 22 unused Assets to reduce memory usage. Loaded Objects now: 2365.
Total: 3.035800 ms (FindLiveObjects: 0.303500 ms CreateObjectMapping: 0.149400 ms MarkObjects: 2.255500 ms  DeleteObjects: 0.325300 ms)

========================================================================
Received Prepare
Registering precompiled user dll's ...
Registered in 0.001394 seconds.
Begin MonoManager ReloadAssembly
Native extension for WindowsStandalone target not found
Native extension for WebGL target not found
Refreshing native plugins compatible for Editor in 0.40 ms, found 1 plugins.
Preloading 0 native plugins for Editor in 0.00 ms.
Mono: successfully reloaded assembly
- Completed reload, in  1.191 seconds
Platform modules already initialized, skipping
Refreshing native plugins compatible for Editor in 0.45 ms, found 1 plugins.
Preloading 0 native plugins for Editor in 0.00 ms.
Unloading 1835 Unused Serialized files (Serialized files now loaded: 0)
System memory in use before: 87.4 MB.
System memory in use after: 87.0 MB.

Unloading 22 unused Assets to reduce memory usage. Loaded Objects now: 2369.
Total: 3.335900 ms (FindLiveObjects: 0.676500 ms CreateObjectMapping: 0.091700 ms MarkObjects: 2.142300 ms  DeleteObjects: 0.423000 ms)

========================================================================
Received Prepare
Registering precompiled user dll's ...
Registered in 0.001728 seconds.
Begin MonoManager ReloadAssembly
Native extension for WindowsStandalone target not found
Native extension for WebGL target not found
Refreshing native plugins compatible for Editor in 0.41 ms, found 1 plugins.
Preloading 0 native plugins for Editor in 0.00 ms.
Mono: successfully reloaded assembly
- Completed reload, in  1.093 seconds
Platform modules already initialized, skipping
Refreshing native plugins compatible for Editor in 0.52 ms, found 1 plugins.
Preloading 0 native plugins for Editor in 0.00 ms.
Unloading 1835 Unused Serialized files (Serialized files now loaded: 0)
System memory in use before: 87.5 MB.
System memory in use after: 87.0 MB.

Unloading 22 unused Assets to reduce memory usage. Loaded Objects now: 2373.
Total: 3.024000 ms (FindLiveObjects: 0.423400 ms CreateObjectMapping: 0.185200 ms MarkObjects: 2.075900 ms  DeleteObjects: 0.336900 ms)

========================================================================
Received Prepare
Registering precompiled user dll's ...
Registered in 0.002194 seconds.
Begin MonoManager ReloadAssembly
Native extension for WindowsStandalone target not found
Native extension for WebGL target not found
Refreshing native plugins compatible for Editor in 0.45 ms, found 1 plugins.
Preloading 0 native plugins for Editor in 0.00 ms.
Mono: successfully reloaded assembly
- Completed reload, in  1.215 seconds
Platform modules already initialized, skipping
Refreshing native plugins compatible for Editor in 0.45 ms, found 1 plugins.
Preloading 0 native plugins for Editor in 0.00 ms.
Unloading 1835 Unused Serialized files (Serialized files now loaded: 0)
System memory in use before: 87.5 MB.
System memory in use after: 87.1 MB.

Unloading 22 unused Assets to reduce memory usage. Loaded Objects now: 2377.
Total: 3.538000 ms (FindLiveObjects: 0.269500 ms CreateObjectMapping: 0.119500 ms MarkObjects: 2.625800 ms  DeleteObjects: 0.520900 ms)

========================================================================
Received Prepare
Registering precompiled user dll's ...
Registered in 0.002376 seconds.
Begin MonoManager ReloadAssembly
Native extension for WindowsStandalone target not found
Native extension for WebGL target not found
Refreshing native plugins compatible for Editor in 0.40 ms, found 1 plugins.
Preloading 0 native plugins for Editor in 0.00 ms.
Mono: successfully reloaded assembly
- Completed reload, in  1.087 seconds
Platform modules already initialized, skipping
Refreshing native plugins compatible for Editor in 0.40 ms, found 1 plugins.
Preloading 0 native plugins for Editor in 0.00 ms.
Unloading 1835 Unused Serialized files (Serialized files now loaded: 0)
System memory in use before: 87.5 MB.
System memory in use after: 87.1 MB.

Unloading 22 unused Assets to reduce memory usage. Loaded Objects now: 2381.
Total: 3.047800 ms (FindLiveObjects: 0.434200 ms CreateObjectMapping: 0.199400 ms MarkObjects: 2.043500 ms  DeleteObjects: 0.368500 ms)

========================================================================
Received Prepare
Registering precompiled user dll's ...
Registered in 0.001765 seconds.
Begin MonoManager ReloadAssembly
Native extension for WindowsStandalone target not found
Native extension for WebGL target not found
Refreshing native plugins compatible for Editor in 0.78 ms, found 1 plugins.
Preloading 0 native plugins for Editor in 0.00 ms.
Mono: successfully reloaded assembly
- Completed reload, in  1.417 seconds
Platform modules already initialized, skipping
Refreshing native plugins compatible for Editor in 0.46 ms, found 1 plugins.
Preloading 0 native plugins for Editor in 0.00 ms.
Unloading 1835 Unused Serialized files (Serialized files now loaded: 0)
System memory in use before: 87.5 MB.
System memory in use after: 87.1 MB.

Unloading 22 unused Assets to reduce memory usage. Loaded Objects now: 2385.
Total: 5.425500 ms (FindLiveObjects: 0.399900 ms CreateObjectMapping: 0.171300 ms MarkObjects: 4.310500 ms  DeleteObjects: 0.541300 ms)

