Using pre-set license
Built from '2020.3/release' branch; Version is '2020.3.7f1 (dd97f2c94397) revision 14522354'; Using compiler version '192528614'; Build Type 'Release'
OS: 'Windows 10 Home; OS build 19044.2604; Version 2009; 64bit' Language: 'en' Physical Memory: 8092 MB
BatchMode: 1, IsHumanControllingUs: 0, StartBugReporterOnCrash: 0, Is64bit: 1, IsPro: 0

 COMMAND LINE ARGUMENTS:
C:\Program Files\Unity\Hub\Editor\2020.3.7f1\Editor\Unity.exe
-adb2
-batchMode
-noUpm
-name
AssetImportWorker0
-projectPath
D:/unity_projects/FlowFree
-logFile
Logs/AssetImportWorker0.log
-srvPort
54794
Successfully changed project path to: D:/unity_projects/FlowFree
D:/unity_projects/FlowFree
Using Asset Import Pipeline V2.
Refreshing native plugins compatible for Editor in 55.99 ms, found 1 plugins.
Preloading 0 native plugins for Editor in 0.00 ms.
Initialize engine version: 2020.3.7f1 (dd97f2c94397)
[Subsystems] Discovering subsystems at path C:/Program Files/Unity/Hub/Editor/2020.3.7f1/Editor/Data/Resources/UnitySubsystems
[Subsystems] Discovering subsystems at path D:/unity_projects/FlowFree/Assets
GfxDevice: creating device client; threaded=0
Direct3D:
    Version:  Direct3D 11.0 [level 11.0]
    Renderer: NVIDIA GeForce 920MX (ID=0x134f)
    Vendor:   
    VRAM:     2020 MB
    Driver:   22.21.13.8264
Initialize mono
Mono path[0] = 'C:/Program Files/Unity/Hub/Editor/2020.3.7f1/Editor/Data/Managed'
Mono path[1] = 'C:/Program Files/Unity/Hub/Editor/2020.3.7f1/Editor/Data/MonoBleedingEdge/lib/mono/unityjit'
Mono config path = 'C:/Program Files/Unity/Hub/Editor/2020.3.7f1/Editor/Data/MonoBleedingEdge/etc'
Using monoOptions --debugger-agent=transport=dt_socket,embedding=1,server=y,suspend=n,address=127.0.0.1:56844
Begin MonoManager ReloadAssembly
Registering precompiled unity dll's ...
Register platform support module: C:/Program Files/Unity/Hub/Editor/2020.3.7f1/Editor/Data/PlaybackEngines/WebGLSupport/UnityEditor.WebGL.Extensions.dll
Register platform support module: C:/Program Files/Unity/Hub/Editor/2020.3.7f1/Editor/Data/PlaybackEngines/WindowsStandaloneSupport/UnityEditor.WindowsStandalone.Extensions.dll
Registered in 0.003259 seconds.
Native extension for WindowsStandalone target not found
Native extension for WebGL target not found
Refreshing native plugins compatible for Editor in 54.95 ms, found 1 plugins.
Preloading 0 native plugins for Editor in 0.00 ms.
Mono: successfully reloaded assembly
- Completed reload, in  5.781 seconds
Platform modules already initialized, skipping
Registering precompiled user dll's ...
Registered in 0.001736 seconds.
Begin MonoManager ReloadAssembly
Native extension for WindowsStandalone target not found
Native extension for WebGL target not found
Refreshing native plugins compatible for Editor in 77.61 ms, found 1 plugins.
Preloading 0 native plugins for Editor in 0.00 ms.
Mono: successfully reloaded assembly
- Completed reload, in  1.655 seconds
Platform modules already initialized, skipping
========================================================================
Worker process is ready to serve import requests
Launched and connected shader compiler UnityShaderCompiler.exe after 0.12 seconds
Refreshing native plugins compatible for Editor in 0.45 ms, found 1 plugins.
Preloading 0 native plugins for Editor in 0.00 ms.
Unloading 1845 Unused Serialized files (Serialized files now loaded: 0)
System memory in use before: 87.7 MB.
System memory in use after: 87.3 MB.

Unloading 34 unused Assets to reduce memory usage. Loaded Objects now: 2285.
Total: 3.035800 ms (FindLiveObjects: 0.478600 ms CreateObjectMapping: 0.121700 ms MarkObjects: 2.069200 ms  DeleteObjects: 0.365100 ms)

========================================================================
Received Import Request.
  path: Assets/Connect/Scripts/Gameplay.cs
  artifactKey: Guid(5d4cc5906d67c5c4785a247054634ff7) Importer(815301076,1909f56bfc062723c751e8b465ee728b)
Start importing Assets/Connect/Scripts/Gameplay.cs using Guid(5d4cc5906d67c5c4785a247054634ff7) Importer(815301076,1909f56bfc062723c751e8b465ee728b)  -> (artifact id: 'c2c3a4360aed35598be949dfcaf5f6cb') in 0.062354 seconds
  Import took 0.069079 seconds .

========================================================================
Received Import Request.
  Time since last request: 52.405779 seconds.
  path: Assets/Connect/Scripts/Level.cs
  artifactKey: Guid(e7b1484e1bab9f84493eee6e11058dcc) Importer(815301076,1909f56bfc062723c751e8b465ee728b)
Start importing Assets/Connect/Scripts/Level.cs using Guid(e7b1484e1bab9f84493eee6e11058dcc) Importer(815301076,1909f56bfc062723c751e8b465ee728b)  -> (artifact id: '518ef38f28ad96b768cf95b7e902d439') in 0.003177 seconds
  Import took 0.009625 seconds .

========================================================================
Received Import Request.
  Time since last request: 20.657858 seconds.
  path: Assets/Connect/Scripts/Tile.cs
  artifactKey: Guid(bbb809003ebfe1a4bb27a0b0b7c48dfc) Importer(815301076,1909f56bfc062723c751e8b465ee728b)
Start importing Assets/Connect/Scripts/Tile.cs using Guid(bbb809003ebfe1a4bb27a0b0b7c48dfc) Importer(815301076,1909f56bfc062723c751e8b465ee728b)  -> (artifact id: 'efac2e5ec6b3da17ea200b65939ab329') in 0.001959 seconds
  Import took 0.007219 seconds .

========================================================================
Received Import Request.
  Time since last request: 6.973713 seconds.
  path: Assets/Connect/Scripts/LevelData.cs
  artifactKey: Guid(1d316e033fc13624e8638ed9e045cf00) Importer(815301076,1909f56bfc062723c751e8b465ee728b)
Start importing Assets/Connect/Scripts/LevelData.cs using Guid(1d316e033fc13624e8638ed9e045cf00) Importer(815301076,1909f56bfc062723c751e8b465ee728b)  -> (artifact id: 'd96228d31e1ad508d5cf00cd45adf155') in 0.003056 seconds
  Import took 0.009995 seconds .

========================================================================
Received Prepare
Registering precompiled user dll's ...
Registered in 0.002218 seconds.
Begin MonoManager ReloadAssembly
Native extension for WindowsStandalone target not found
Native extension for WebGL target not found
Refreshing native plugins compatible for Editor in 0.41 ms, found 1 plugins.
Preloading 0 native plugins for Editor in 0.00 ms.
Mono: successfully reloaded assembly
- Completed reload, in  1.034 seconds
Platform modules already initialized, skipping
Refreshing native plugins compatible for Editor in 0.41 ms, found 1 plugins.
Preloading 0 native plugins for Editor in 0.00 ms.
Unloading 1835 Unused Serialized files (Serialized files now loaded: 0)
System memory in use before: 87.2 MB.
System memory in use after: 86.8 MB.

Unloading 22 unused Assets to reduce memory usage. Loaded Objects now: 2289.
Total: 2.974100 ms (FindLiveObjects: 0.202700 ms CreateObjectMapping: 0.083000 ms MarkObjects: 2.317500 ms  DeleteObjects: 0.368700 ms)

========================================================================
Received Prepare
Registering precompiled user dll's ...
Registered in 0.002303 seconds.
Begin MonoManager ReloadAssembly
Native extension for WindowsStandalone target not found
Native extension for WebGL target not found
Refreshing native plugins compatible for Editor in 0.47 ms, found 1 plugins.
Preloading 0 native plugins for Editor in 0.00 ms.
Mono: successfully reloaded assembly
- Completed reload, in  1.527 seconds
Platform modules already initialized, skipping
Refreshing native plugins compatible for Editor in 0.77 ms, found 1 plugins.
Preloading 0 native plugins for Editor in 0.00 ms.
Unloading 1835 Unused Serialized files (Serialized files now loaded: 0)
System memory in use before: 87.3 MB.
System memory in use after: 86.8 MB.

Unloading 22 unused Assets to reduce memory usage. Loaded Objects now: 2293.
Total: 3.567600 ms (FindLiveObjects: 0.353600 ms CreateObjectMapping: 0.123200 ms MarkObjects: 2.613900 ms  DeleteObjects: 0.473800 ms)

========================================================================
Received Prepare
Registering precompiled user dll's ...
Registered in 0.001415 seconds.
Begin MonoManager ReloadAssembly
Native extension for WindowsStandalone target not found
Native extension for WebGL target not found
Refreshing native plugins compatible for Editor in 0.40 ms, found 1 plugins.
Preloading 0 native plugins for Editor in 0.00 ms.
Mono: successfully reloaded assembly
- Completed reload, in  1.037 seconds
Platform modules already initialized, skipping
Refreshing native plugins compatible for Editor in 0.39 ms, found 1 plugins.
Preloading 0 native plugins for Editor in 0.00 ms.
Unloading 1835 Unused Serialized files (Serialized files now loaded: 0)
System memory in use before: 87.3 MB.
System memory in use after: 86.9 MB.

Unloading 22 unused Assets to reduce memory usage. Loaded Objects now: 2297.
Total: 2.624400 ms (FindLiveObjects: 0.201900 ms CreateObjectMapping: 0.087000 ms MarkObjects: 1.984400 ms  DeleteObjects: 0.349700 ms)

========================================================================
Received Prepare
Registering precompiled user dll's ...
Registered in 0.001435 seconds.
Begin MonoManager ReloadAssembly
Native extension for WindowsStandalone target not found
Native extension for WebGL target not found
Refreshing native plugins compatible for Editor in 0.40 ms, found 1 plugins.
Preloading 0 native plugins for Editor in 0.00 ms.
Mono: successfully reloaded assembly
- Completed reload, in  1.121 seconds
Platform modules already initialized, skipping
Refreshing native plugins compatible for Editor in 0.39 ms, found 1 plugins.
Preloading 0 native plugins for Editor in 0.00 ms.
Unloading 1835 Unused Serialized files (Serialized files now loaded: 0)
System memory in use before: 87.3 MB.
System memory in use after: 86.9 MB.

Unloading 22 unused Assets to reduce memory usage. Loaded Objects now: 2301.
Total: 2.753500 ms (FindLiveObjects: 0.257400 ms CreateObjectMapping: 0.127900 ms MarkObjects: 2.041200 ms  DeleteObjects: 0.325300 ms)

========================================================================
Received Prepare
Registering precompiled user dll's ...
Registered in 0.001502 seconds.
Begin MonoManager ReloadAssembly
Native extension for WindowsStandalone target not found
Native extension for WebGL target not found
Refreshing native plugins compatible for Editor in 0.39 ms, found 1 plugins.
Preloading 0 native plugins for Editor in 0.00 ms.
Mono: successfully reloaded assembly
- Completed reload, in  1.212 seconds
Platform modules already initialized, skipping
Refreshing native plugins compatible for Editor in 0.39 ms, found 1 plugins.
Preloading 0 native plugins for Editor in 0.00 ms.
Unloading 1835 Unused Serialized files (Serialized files now loaded: 0)
System memory in use before: 87.3 MB.
System memory in use after: 86.9 MB.

Unloading 22 unused Assets to reduce memory usage. Loaded Objects now: 2305.
Total: 3.103300 ms (FindLiveObjects: 0.350500 ms CreateObjectMapping: 0.133000 ms MarkObjects: 2.292800 ms  DeleteObjects: 0.324300 ms)

========================================================================
Received Prepare
Registering precompiled user dll's ...
Registered in 0.001511 seconds.
Begin MonoManager ReloadAssembly
Native extension for WindowsStandalone target not found
Native extension for WebGL target not found
Refreshing native plugins compatible for Editor in 0.64 ms, found 1 plugins.
Preloading 0 native plugins for Editor in 0.00 ms.
Mono: successfully reloaded assembly
- Completed reload, in  1.133 seconds
Platform modules already initialized, skipping
Refreshing native plugins compatible for Editor in 0.40 ms, found 1 plugins.
Preloading 0 native plugins for Editor in 0.00 ms.
Unloading 1835 Unused Serialized files (Serialized files now loaded: 0)
System memory in use before: 87.3 MB.
System memory in use after: 86.9 MB.

Unloading 22 unused Assets to reduce memory usage. Loaded Objects now: 2309.
Total: 2.611400 ms (FindLiveObjects: 0.270800 ms CreateObjectMapping: 0.125400 ms MarkObjects: 1.890200 ms  DeleteObjects: 0.323000 ms)

========================================================================
Received Prepare
Registering precompiled user dll's ...
Registered in 0.001471 seconds.
Begin MonoManager ReloadAssembly
Native extension for WindowsStandalone target not found
Native extension for WebGL target not found
Refreshing native plugins compatible for Editor in 0.41 ms, found 1 plugins.
Preloading 0 native plugins for Editor in 0.00 ms.
Mono: successfully reloaded assembly
- Completed reload, in  1.098 seconds
Platform modules already initialized, skipping
Refreshing native plugins compatible for Editor in 0.39 ms, found 1 plugins.
Preloading 0 native plugins for Editor in 0.00 ms.
Unloading 1835 Unused Serialized files (Serialized files now loaded: 0)
System memory in use before: 87.3 MB.
System memory in use after: 86.9 MB.

Unloading 22 unused Assets to reduce memory usage. Loaded Objects now: 2313.
Total: 3.248500 ms (FindLiveObjects: 0.421300 ms CreateObjectMapping: 0.142500 ms MarkObjects: 2.336000 ms  DeleteObjects: 0.346900 ms)

========================================================================
Received Prepare
Registering precompiled user dll's ...
Registered in 0.001425 seconds.
Begin MonoManager ReloadAssembly
Native extension for WindowsStandalone target not found
Native extension for WebGL target not found
Refreshing native plugins compatible for Editor in 0.41 ms, found 1 plugins.
Preloading 0 native plugins for Editor in 0.00 ms.
Mono: successfully reloaded assembly
- Completed reload, in  1.075 seconds
Platform modules already initialized, skipping
Refreshing native plugins compatible for Editor in 0.46 ms, found 1 plugins.
Preloading 0 native plugins for Editor in 0.00 ms.
Unloading 1835 Unused Serialized files (Serialized files now loaded: 0)
System memory in use before: 87.3 MB.
System memory in use after: 86.9 MB.

Unloading 22 unused Assets to reduce memory usage. Loaded Objects now: 2317.
Total: 3.314100 ms (FindLiveObjects: 0.310000 ms CreateObjectMapping: 0.103800 ms MarkObjects: 2.338800 ms  DeleteObjects: 0.558300 ms)

========================================================================
Received Prepare
Registering precompiled user dll's ...
Registered in 0.001431 seconds.
Begin MonoManager ReloadAssembly
Native extension for WindowsStandalone target not found
Native extension for WebGL target not found
Refreshing native plugins compatible for Editor in 0.40 ms, found 1 plugins.
Preloading 0 native plugins for Editor in 0.00 ms.
Mono: successfully reloaded assembly
- Completed reload, in  1.088 seconds
Platform modules already initialized, skipping
Refreshing native plugins compatible for Editor in 0.44 ms, found 1 plugins.
Preloading 0 native plugins for Editor in 0.00 ms.
Unloading 1835 Unused Serialized files (Serialized files now loaded: 0)
System memory in use before: 87.3 MB.
System memory in use after: 86.9 MB.

Unloading 22 unused Assets to reduce memory usage. Loaded Objects now: 2321.
Total: 2.850400 ms (FindLiveObjects: 0.185500 ms CreateObjectMapping: 0.087000 ms MarkObjects: 2.253800 ms  DeleteObjects: 0.321700 ms)

========================================================================
Received Prepare
Registering precompiled user dll's ...
Registered in 0.001460 seconds.
Begin MonoManager ReloadAssembly
Native extension for WindowsStandalone target not found
Native extension for WebGL target not found
Refreshing native plugins compatible for Editor in 0.41 ms, found 1 plugins.
Preloading 0 native plugins for Editor in 0.00 ms.
Mono: successfully reloaded assembly
- Completed reload, in  1.100 seconds
Platform modules already initialized, skipping
Refreshing native plugins compatible for Editor in 0.42 ms, found 1 plugins.
Preloading 0 native plugins for Editor in 0.00 ms.
Unloading 1835 Unused Serialized files (Serialized files now loaded: 0)
System memory in use before: 87.4 MB.
System memory in use after: 86.9 MB.

Unloading 22 unused Assets to reduce memory usage. Loaded Objects now: 2325.
Total: 3.994400 ms (FindLiveObjects: 0.460900 ms CreateObjectMapping: 0.200400 ms MarkObjects: 2.865200 ms  DeleteObjects: 0.465600 ms)

========================================================================
Received Prepare
Registering precompiled user dll's ...
Registered in 0.001761 seconds.
Begin MonoManager ReloadAssembly
Native extension for WindowsStandalone target not found
Native extension for WebGL target not found
Refreshing native plugins compatible for Editor in 0.47 ms, found 1 plugins.
Preloading 0 native plugins for Editor in 0.00 ms.
Mono: successfully reloaded assembly
- Completed reload, in  1.311 seconds
Platform modules already initialized, skipping
Refreshing native plugins compatible for Editor in 0.73 ms, found 1 plugins.
Preloading 0 native plugins for Editor in 0.00 ms.
Unloading 1835 Unused Serialized files (Serialized files now loaded: 0)
System memory in use before: 87.4 MB.
System memory in use after: 87.0 MB.

Unloading 22 unused Assets to reduce memory usage. Loaded Objects now: 2329.
Total: 3.024800 ms (FindLiveObjects: 0.232300 ms CreateObjectMapping: 0.098000 ms MarkObjects: 2.309500 ms  DeleteObjects: 0.382900 ms)

========================================================================
Received Prepare
Registering precompiled user dll's ...
Registered in 0.003673 seconds.
Begin MonoManager ReloadAssembly
Native extension for WindowsStandalone target not found
Native extension for WebGL target not found
Refreshing native plugins compatible for Editor in 0.44 ms, found 1 plugins.
Preloading 0 native plugins for Editor in 0.00 ms.
Mono: successfully reloaded assembly
- Completed reload, in  1.305 seconds
Platform modules already initialized, skipping
Refreshing native plugins compatible for Editor in 0.46 ms, found 1 plugins.
Preloading 0 native plugins for Editor in 0.00 ms.
Unloading 1835 Unused Serialized files (Serialized files now loaded: 0)
System memory in use before: 87.4 MB.
System memory in use after: 87.0 MB.

Unloading 22 unused Assets to reduce memory usage. Loaded Objects now: 2333.
Total: 3.223900 ms (FindLiveObjects: 0.418400 ms CreateObjectMapping: 0.243200 ms MarkObjects: 2.187200 ms  DeleteObjects: 0.372400 ms)

========================================================================
Received Prepare
Registering precompiled user dll's ...
Registered in 0.001631 seconds.
Begin MonoManager ReloadAssembly
Native extension for WindowsStandalone target not found
Native extension for WebGL target not found
Refreshing native plugins compatible for Editor in 0.50 ms, found 1 plugins.
Preloading 0 native plugins for Editor in 0.00 ms.
Mono: successfully reloaded assembly
- Completed reload, in  1.054 seconds
Platform modules already initialized, skipping
Refreshing native plugins compatible for Editor in 0.61 ms, found 1 plugins.
Preloading 0 native plugins for Editor in 0.00 ms.
Unloading 1835 Unused Serialized files (Serialized files now loaded: 0)
System memory in use before: 87.4 MB.
System memory in use after: 87.0 MB.

Unloading 22 unused Assets to reduce memory usage. Loaded Objects now: 2337.
Total: 4.308500 ms (FindLiveObjects: 0.390400 ms CreateObjectMapping: 0.366600 ms MarkObjects: 3.115200 ms  DeleteObjects: 0.434300 ms)

========================================================================
Received Prepare
Registering precompiled user dll's ...
Registered in 0.002022 seconds.
Begin MonoManager ReloadAssembly
Native extension for WindowsStandalone target not found
Native extension for WebGL target not found
Refreshing native plugins compatible for Editor in 0.39 ms, found 1 plugins.
Preloading 0 native plugins for Editor in 0.00 ms.
Mono: successfully reloaded assembly
- Completed reload, in  1.039 seconds
Platform modules already initialized, skipping
Refreshing native plugins compatible for Editor in 0.62 ms, found 1 plugins.
Preloading 0 native plugins for Editor in 0.00 ms.
Unloading 1835 Unused Serialized files (Serialized files now loaded: 0)
System memory in use before: 87.4 MB.
System memory in use after: 87.0 MB.

Unloading 22 unused Assets to reduce memory usage. Loaded Objects now: 2341.
Total: 2.922300 ms (FindLiveObjects: 0.218600 ms CreateObjectMapping: 0.126000 ms MarkObjects: 2.195900 ms  DeleteObjects: 0.379800 ms)

========================================================================
Received Prepare
Registering precompiled user dll's ...
Registered in 0.002090 seconds.
Begin MonoManager ReloadAssembly
Native extension for WindowsStandalone target not found
Native extension for WebGL target not found
Refreshing native plugins compatible for Editor in 0.40 ms, found 1 plugins.
Preloading 0 native plugins for Editor in 0.00 ms.
Mono: successfully reloaded assembly
- Completed reload, in  1.066 seconds
Platform modules already initialized, skipping
Refreshing native plugins compatible for Editor in 0.42 ms, found 1 plugins.
Preloading 0 native plugins for Editor in 0.00 ms.
Unloading 1835 Unused Serialized files (Serialized files now loaded: 0)
System memory in use before: 87.4 MB.
System memory in use after: 87.0 MB.

Unloading 22 unused Assets to reduce memory usage. Loaded Objects now: 2345.
Total: 3.520500 ms (FindLiveObjects: 0.418700 ms CreateObjectMapping: 0.113600 ms MarkObjects: 2.638000 ms  DeleteObjects: 0.348700 ms)

========================================================================
Received Prepare
Registering precompiled user dll's ...
Registered in 0.001576 seconds.
Begin MonoManager ReloadAssembly
Native extension for WindowsStandalone target not found
Native extension for WebGL target not found
Refreshing native plugins compatible for Editor in 0.42 ms, found 1 plugins.
Preloading 0 native plugins for Editor in 0.00 ms.
Mono: successfully reloaded assembly
- Completed reload, in  1.077 seconds
Platform modules already initialized, skipping
Refreshing native plugins compatible for Editor in 0.44 ms, found 1 plugins.
Preloading 0 native plugins for Editor in 0.00 ms.
Unloading 1835 Unused Serialized files (Serialized files now loaded: 0)
System memory in use before: 87.4 MB.
System memory in use after: 87.0 MB.

Unloading 22 unused Assets to reduce memory usage. Loaded Objects now: 2349.
Total: 3.059500 ms (FindLiveObjects: 0.324800 ms CreateObjectMapping: 0.146700 ms MarkObjects: 2.227900 ms  DeleteObjects: 0.357800 ms)

========================================================================
Received Prepare
Registering precompiled user dll's ...
Registered in 0.001700 seconds.
Begin MonoManager ReloadAssembly
Native extension for WindowsStandalone target not found
Native extension for WebGL target not found
Refreshing native plugins compatible for Editor in 0.73 ms, found 1 plugins.
Preloading 0 native plugins for Editor in 0.00 ms.
Mono: successfully reloaded assembly
- Completed reload, in  1.306 seconds
Platform modules already initialized, skipping
Refreshing native plugins compatible for Editor in 0.47 ms, found 1 plugins.
Preloading 0 native plugins for Editor in 0.00 ms.
Unloading 1835 Unused Serialized files (Serialized files now loaded: 0)
System memory in use before: 87.4 MB.
System memory in use after: 87.0 MB.

Unloading 22 unused Assets to reduce memory usage. Loaded Objects now: 2353.
Total: 3.055300 ms (FindLiveObjects: 0.305500 ms CreateObjectMapping: 0.106400 ms MarkObjects: 2.262600 ms  DeleteObjects: 0.378600 ms)

========================================================================
Received Prepare
Registering precompiled user dll's ...
Registered in 0.001966 seconds.
Begin MonoManager ReloadAssembly
Native extension for WindowsStandalone target not found
Native extension for WebGL target not found
Refreshing native plugins compatible for Editor in 0.41 ms, found 1 plugins.
Preloading 0 native plugins for Editor in 0.00 ms.
Mono: successfully reloaded assembly
- Completed reload, in  1.077 seconds
Platform modules already initialized, skipping
Refreshing native plugins compatible for Editor in 0.42 ms, found 1 plugins.
Preloading 0 native plugins for Editor in 0.00 ms.
Unloading 1835 Unused Serialized files (Serialized files now loaded: 0)
System memory in use before: 87.4 MB.
System memory in use after: 87.0 MB.

Unloading 22 unused Assets to reduce memory usage. Loaded Objects now: 2357.
Total: 3.909900 ms (FindLiveObjects: 0.342300 ms CreateObjectMapping: 0.157400 ms MarkObjects: 2.865000 ms  DeleteObjects: 0.542900 ms)

========================================================================
Received Prepare
Registering precompiled user dll's ...
Registered in 0.001414 seconds.
Begin MonoManager ReloadAssembly
Native extension for WindowsStandalone target not found
Native extension for WebGL target not found
Refreshing native plugins compatible for Editor in 0.41 ms, found 1 plugins.
Preloading 0 native plugins for Editor in 0.00 ms.
Mono: successfully reloaded assembly
- Completed reload, in  1.117 seconds
Platform modules already initialized, skipping
Refreshing native plugins compatible for Editor in 0.42 ms, found 1 plugins.
Preloading 0 native plugins for Editor in 0.00 ms.
Unloading 1835 Unused Serialized files (Serialized files now loaded: 0)
System memory in use before: 87.4 MB.
System memory in use after: 87.0 MB.

Unloading 22 unused Assets to reduce memory usage. Loaded Objects now: 2361.
Total: 2.576000 ms (FindLiveObjects: 0.214000 ms CreateObjectMapping: 0.122700 ms MarkObjects: 1.889200 ms  DeleteObjects: 0.348200 ms)

========================================================================
Received Prepare
Registering precompiled user dll's ...
Registered in 0.001536 seconds.
Begin MonoManager ReloadAssembly
Native extension for WindowsStandalone target not found
Native extension for WebGL target not found
Refreshing native plugins compatible for Editor in 0.40 ms, found 1 plugins.
Preloading 0 native plugins for Editor in 0.00 ms.
Mono: successfully reloaded assembly
- Completed reload, in  1.010 seconds
Platform modules already initialized, skipping
Refreshing native plugins compatible for Editor in 0.45 ms, found 1 plugins.
Preloading 0 native plugins for Editor in 0.00 ms.
Unloading 1835 Unused Serialized files (Serialized files now loaded: 0)
System memory in use before: 87.4 MB.
System memory in use after: 87.0 MB.

Unloading 22 unused Assets to reduce memory usage. Loaded Objects now: 2365.
Total: 2.884000 ms (FindLiveObjects: 0.356100 ms CreateObjectMapping: 0.271200 ms MarkObjects: 1.932800 ms  DeleteObjects: 0.322000 ms)

========================================================================
Received Prepare
Registering precompiled user dll's ...
Registered in 0.001989 seconds.
Begin MonoManager ReloadAssembly
Native extension for WindowsStandalone target not found
Native extension for WebGL target not found
Refreshing native plugins compatible for Editor in 0.50 ms, found 1 plugins.
Preloading 0 native plugins for Editor in 0.00 ms.
Mono: successfully reloaded assembly
- Completed reload, in  1.039 seconds
Platform modules already initialized, skipping
Refreshing native plugins compatible for Editor in 0.40 ms, found 1 plugins.
Preloading 0 native plugins for Editor in 0.00 ms.
Unloading 1835 Unused Serialized files (Serialized files now loaded: 0)
System memory in use before: 87.4 MB.
System memory in use after: 87.0 MB.

Unloading 22 unused Assets to reduce memory usage. Loaded Objects now: 2369.
Total: 3.275000 ms (FindLiveObjects: 0.624700 ms CreateObjectMapping: 0.115700 ms MarkObjects: 2.098200 ms  DeleteObjects: 0.433900 ms)

========================================================================
Received Prepare
Registering precompiled user dll's ...
Registered in 0.001549 seconds.
Begin MonoManager ReloadAssembly
Native extension for WindowsStandalone target not found
Native extension for WebGL target not found
Refreshing native plugins compatible for Editor in 0.41 ms, found 1 plugins.
Preloading 0 native plugins for Editor in 0.00 ms.
Mono: successfully reloaded assembly
- Completed reload, in  1.020 seconds
Platform modules already initialized, skipping
Refreshing native plugins compatible for Editor in 0.40 ms, found 1 plugins.
Preloading 0 native plugins for Editor in 0.00 ms.
Unloading 1835 Unused Serialized files (Serialized files now loaded: 0)
System memory in use before: 87.5 MB.
System memory in use after: 87.0 MB.

Unloading 22 unused Assets to reduce memory usage. Loaded Objects now: 2373.
Total: 2.933100 ms (FindLiveObjects: 0.287000 ms CreateObjectMapping: 0.123200 ms MarkObjects: 2.193200 ms  DeleteObjects: 0.327600 ms)

========================================================================
Received Prepare
Registering precompiled user dll's ...
Registered in 0.002010 seconds.
Begin MonoManager ReloadAssembly
Native extension for WindowsStandalone target not found
Native extension for WebGL target not found
Refreshing native plugins compatible for Editor in 0.41 ms, found 1 plugins.
Preloading 0 native plugins for Editor in 0.00 ms.
Mono: successfully reloaded assembly
- Completed reload, in  1.050 seconds
Platform modules already initialized, skipping
Refreshing native plugins compatible for Editor in 0.43 ms, found 1 plugins.
Preloading 0 native plugins for Editor in 0.00 ms.
Unloading 1835 Unused Serialized files (Serialized files now loaded: 0)
System memory in use before: 87.5 MB.
System memory in use after: 87.1 MB.

Unloading 22 unused Assets to reduce memory usage. Loaded Objects now: 2377.
Total: 3.301300 ms (FindLiveObjects: 0.343500 ms CreateObjectMapping: 0.192600 ms MarkObjects: 2.421400 ms  DeleteObjects: 0.341500 ms)

========================================================================
Received Import Request.
  Time since last request: 4744.073642 seconds.
  path: Assets/Connect/Scripts/GameProgress.cs
  artifactKey: Guid(3c6434c7d21be264ca16bda04e59eb2b) Importer(815301076,1909f56bfc062723c751e8b465ee728b)
Start importing Assets/Connect/Scripts/GameProgress.cs using Guid(3c6434c7d21be264ca16bda04e59eb2b) Importer(815301076,1909f56bfc062723c751e8b465ee728b)  -> (artifact id: 'e8fada172993d5f796b5d57bdc7268ee') in 0.007448 seconds
  Import took 0.014905 seconds .

========================================================================
Received Import Request.
  Time since last request: 0.000269 seconds.
  path: Assets/Connect/Scripts/GameProgress.cs
  artifactKey: Guid(3c6434c7d21be264ca16bda04e59eb2b) Importer(815301076,1909f56bfc062723c751e8b465ee728b)
Start importing Assets/Connect/Scripts/GameProgress.cs using Guid(3c6434c7d21be264ca16bda04e59eb2b) Importer(815301076,1909f56bfc062723c751e8b465ee728b)  -> (artifact id: 'e8fada172993d5f796b5d57bdc7268ee') in 0.004150 seconds
  Import took 0.009171 seconds .

========================================================================
Received Prepare
Registering precompiled user dll's ...
Registered in 0.002333 seconds.
Begin MonoManager ReloadAssembly
Native extension for WindowsStandalone target not found
Native extension for WebGL target not found
Refreshing native plugins compatible for Editor in 0.71 ms, found 1 plugins.
Preloading 0 native plugins for Editor in 0.00 ms.
Mono: successfully reloaded assembly
- Completed reload, in  1.367 seconds
Platform modules already initialized, skipping
Refreshing native plugins compatible for Editor in 0.85 ms, found 1 plugins.
Preloading 0 native plugins for Editor in 0.00 ms.
Unloading 1836 Unused Serialized files (Serialized files now loaded: 0)
System memory in use before: 87.5 MB.
System memory in use after: 87.1 MB.

Unloading 22 unused Assets to reduce memory usage. Loaded Objects now: 2382.
Total: 3.696300 ms (FindLiveObjects: 0.343100 ms CreateObjectMapping: 0.233800 ms MarkObjects: 2.314900 ms  DeleteObjects: 0.802000 ms)

========================================================================
Received Prepare
Registering precompiled user dll's ...
Registered in 0.001445 seconds.
Begin MonoManager ReloadAssembly
Native extension for WindowsStandalone target not found
Native extension for WebGL target not found
Refreshing native plugins compatible for Editor in 0.65 ms, found 1 plugins.
Preloading 0 native plugins for Editor in 0.00 ms.
Mono: successfully reloaded assembly
- Completed reload, in  1.117 seconds
Platform modules already initialized, skipping
Refreshing native plugins compatible for Editor in 0.43 ms, found 1 plugins.
Preloading 0 native plugins for Editor in 0.00 ms.
Unloading 1836 Unused Serialized files (Serialized files now loaded: 0)
System memory in use before: 87.5 MB.
System memory in use after: 87.1 MB.

Unloading 22 unused Assets to reduce memory usage. Loaded Objects now: 2386.
Total: 3.695700 ms (FindLiveObjects: 0.469300 ms CreateObjectMapping: 0.136800 ms MarkObjects: 2.697500 ms  DeleteObjects: 0.389700 ms)

========================================================================
Received Prepare
Registering precompiled user dll's ...
Registered in 0.001427 seconds.
Begin MonoManager ReloadAssembly
Native extension for WindowsStandalone target not found
Native extension for WebGL target not found
Refreshing native plugins compatible for Editor in 0.39 ms, found 1 plugins.
Preloading 0 native plugins for Editor in 0.00 ms.
Mono: successfully reloaded assembly
- Completed reload, in  1.135 seconds
Platform modules already initialized, skipping
Refreshing native plugins compatible for Editor in 0.40 ms, found 1 plugins.
Preloading 0 native plugins for Editor in 0.00 ms.
Unloading 1836 Unused Serialized files (Serialized files now loaded: 0)
System memory in use before: 87.5 MB.
System memory in use after: 87.1 MB.

Unloading 22 unused Assets to reduce memory usage. Loaded Objects now: 2390.
Total: 2.865400 ms (FindLiveObjects: 0.485100 ms CreateObjectMapping: 0.138000 ms MarkObjects: 1.910200 ms  DeleteObjects: 0.329100 ms)

========================================================================
Received Import Request.
  Time since last request: 887.652800 seconds.
  path: Assets/Connect/Scripts/GameProgress.cs
  artifactKey: Guid(3c6434c7d21be264ca16bda04e59eb2b) Importer(815301076,1909f56bfc062723c751e8b465ee728b)
Start importing Assets/Connect/Scripts/GameProgress.cs using Guid(3c6434c7d21be264ca16bda04e59eb2b) Importer(815301076,1909f56bfc062723c751e8b465ee728b)  -> (artifact id: '6965b8372d3d08ae086df64b6f6b801a') in 0.003967 seconds
  Import took 0.008774 seconds .

========================================================================
Received Prepare
Registering precompiled user dll's ...
Registered in 0.001814 seconds.
Begin MonoManager ReloadAssembly
Native extension for WindowsStandalone target not found
Native extension for WebGL target not found
Refreshing native plugins compatible for Editor in 0.40 ms, found 1 plugins.
Preloading 0 native plugins for Editor in 0.00 ms.
Mono: successfully reloaded assembly
- Completed reload, in  1.156 seconds
Platform modules already initialized, skipping
Refreshing native plugins compatible for Editor in 0.45 ms, found 1 plugins.
Preloading 0 native plugins for Editor in 0.00 ms.
Unloading 1836 Unused Serialized files (Serialized files now loaded: 0)
System memory in use before: 87.5 MB.
System memory in use after: 87.1 MB.

Unloading 22 unused Assets to reduce memory usage. Loaded Objects now: 2394.
Total: 3.319100 ms (FindLiveObjects: 0.220800 ms CreateObjectMapping: 0.082000 ms MarkObjects: 2.693000 ms  DeleteObjects: 0.320400 ms)

========================================================================
Received Prepare
Registering precompiled user dll's ...
Registered in 0.002389 seconds.
Begin MonoManager ReloadAssembly
Native extension for WindowsStandalone target not found
Native extension for WebGL target not found
Refreshing native plugins compatible for Editor in 0.39 ms, found 1 plugins.
Preloading 0 native plugins for Editor in 0.00 ms.
Mono: successfully reloaded assembly
- Completed reload, in  0.995 seconds
Platform modules already initialized, skipping
Refreshing native plugins compatible for Editor in 0.47 ms, found 1 plugins.
Preloading 0 native plugins for Editor in 0.00 ms.
Unloading 1836 Unused Serialized files (Serialized files now loaded: 0)
System memory in use before: 87.5 MB.
System memory in use after: 87.1 MB.

Unloading 22 unused Assets to reduce memory usage. Loaded Objects now: 2398.
Total: 2.765800 ms (FindLiveObjects: 0.296800 ms CreateObjectMapping: 0.262200 ms MarkObjects: 1.878700 ms  DeleteObjects: 0.325900 ms)

========================================================================
Received Prepare
Registering precompiled user dll's ...
Registered in 0.001427 seconds.
Begin MonoManager ReloadAssembly
Native extension for WindowsStandalone target not found
Native extension for WebGL target not found
Refreshing native plugins compatible for Editor in 0.47 ms, found 1 plugins.
Preloading 0 native plugins for Editor in 0.00 ms.
Mono: successfully reloaded assembly
- Completed reload, in  1.168 seconds
Platform modules already initialized, skipping
Refreshing native plugins compatible for Editor in 0.41 ms, found 1 plugins.
Preloading 0 native plugins for Editor in 0.00 ms.
Unloading 1836 Unused Serialized files (Serialized files now loaded: 0)
System memory in use before: 87.5 MB.
System memory in use after: 87.1 MB.

Unloading 22 unused Assets to reduce memory usage. Loaded Objects now: 2402.
Total: 2.727200 ms (FindLiveObjects: 0.296800 ms CreateObjectMapping: 0.069000 ms MarkObjects: 2.031000 ms  DeleteObjects: 0.327800 ms)

========================================================================
Received Prepare
Registering precompiled user dll's ...
Registered in 0.002028 seconds.
Begin MonoManager ReloadAssembly
Native extension for WindowsStandalone target not found
Native extension for WebGL target not found
Refreshing native plugins compatible for Editor in 0.71 ms, found 1 plugins.
Preloading 0 native plugins for Editor in 0.00 ms.
Mono: successfully reloaded assembly
- Completed reload, in  1.420 seconds
Platform modules already initialized, skipping
Refreshing native plugins compatible for Editor in 0.67 ms, found 1 plugins.
Preloading 0 native plugins for Editor in 0.00 ms.
Unloading 1836 Unused Serialized files (Serialized files now loaded: 0)
System memory in use before: 87.5 MB.
System memory in use after: 87.1 MB.

Unloading 22 unused Assets to reduce memory usage. Loaded Objects now: 2406.
Total: 4.164400 ms (FindLiveObjects: 0.391500 ms CreateObjectMapping: 0.115500 ms MarkObjects: 3.134700 ms  DeleteObjects: 0.519700 ms)

========================================================================
Received Prepare
Registering precompiled user dll's ...
Registered in 0.002197 seconds.
Begin MonoManager ReloadAssembly
Native extension for WindowsStandalone target not found
Native extension for WebGL target not found
Refreshing native plugins compatible for Editor in 0.40 ms, found 1 plugins.
Preloading 0 native plugins for Editor in 0.00 ms.
Mono: successfully reloaded assembly
- Completed reload, in  1.099 seconds
Platform modules already initialized, skipping
Refreshing native plugins compatible for Editor in 0.39 ms, found 1 plugins.
Preloading 0 native plugins for Editor in 0.00 ms.
Unloading 1836 Unused Serialized files (Serialized files now loaded: 0)
System memory in use before: 87.6 MB.
System memory in use after: 87.1 MB.

Unloading 22 unused Assets to reduce memory usage. Loaded Objects now: 2410.
Total: 2.993900 ms (FindLiveObjects: 0.239700 ms CreateObjectMapping: 0.109400 ms MarkObjects: 2.270900 ms  DeleteObjects: 0.371900 ms)

========================================================================
Received Prepare
Registering precompiled user dll's ...
Registered in 0.001433 seconds.
Begin MonoManager ReloadAssembly
Native extension for WindowsStandalone target not found
Native extension for WebGL target not found
Refreshing native plugins compatible for Editor in 0.48 ms, found 1 plugins.
Preloading 0 native plugins for Editor in 0.00 ms.
Mono: successfully reloaded assembly
- Completed reload, in  1.126 seconds
Platform modules already initialized, skipping
Refreshing native plugins compatible for Editor in 0.44 ms, found 1 plugins.
Preloading 0 native plugins for Editor in 0.00 ms.
Unloading 1836 Unused Serialized files (Serialized files now loaded: 0)
System memory in use before: 87.6 MB.
System memory in use after: 87.2 MB.

Unloading 22 unused Assets to reduce memory usage. Loaded Objects now: 2414.
Total: 2.861100 ms (FindLiveObjects: 0.232300 ms CreateObjectMapping: 0.086900 ms MarkObjects: 2.193200 ms  DeleteObjects: 0.346900 ms)

========================================================================
Received Prepare
Registering precompiled user dll's ...
Registered in 0.002437 seconds.
Begin MonoManager ReloadAssembly
Native extension for WindowsStandalone target not found
Native extension for WebGL target not found
Refreshing native plugins compatible for Editor in 0.39 ms, found 1 plugins.
Preloading 0 native plugins for Editor in 0.00 ms.
Mono: successfully reloaded assembly
- Completed reload, in  1.001 seconds
Platform modules already initialized, skipping
Refreshing native plugins compatible for Editor in 0.39 ms, found 1 plugins.
Preloading 0 native plugins for Editor in 0.00 ms.
Unloading 1836 Unused Serialized files (Serialized files now loaded: 0)
System memory in use before: 87.6 MB.
System memory in use after: 87.2 MB.

Unloading 22 unused Assets to reduce memory usage. Loaded Objects now: 2418.
Total: 3.726600 ms (FindLiveObjects: 0.315900 ms CreateObjectMapping: 0.098900 ms MarkObjects: 2.981600 ms  DeleteObjects: 0.327000 ms)

========================================================================
Received Prepare
Registering precompiled user dll's ...
Registered in 0.001503 seconds.
Begin MonoManager ReloadAssembly
Native extension for WindowsStandalone target not found
Native extension for WebGL target not found
Refreshing native plugins compatible for Editor in 0.40 ms, found 1 plugins.
Preloading 0 native plugins for Editor in 0.00 ms.
Mono: successfully reloaded assembly
- Completed reload, in  1.114 seconds
Platform modules already initialized, skipping
Refreshing native plugins compatible for Editor in 0.67 ms, found 1 plugins.
Preloading 0 native plugins for Editor in 0.00 ms.
Unloading 1836 Unused Serialized files (Serialized files now loaded: 0)
System memory in use before: 87.6 MB.
System memory in use after: 87.2 MB.

Unloading 22 unused Assets to reduce memory usage. Loaded Objects now: 2422.
Total: 2.881800 ms (FindLiveObjects: 0.456100 ms CreateObjectMapping: 0.137600 ms MarkObjects: 1.965900 ms  DeleteObjects: 0.320000 ms)

========================================================================
Received Prepare
Registering precompiled user dll's ...
Registered in 0.002043 seconds.
Begin MonoManager ReloadAssembly
Native extension for WindowsStandalone target not found
Native extension for WebGL target not found
Refreshing native plugins compatible for Editor in 0.39 ms, found 1 plugins.
Preloading 0 native plugins for Editor in 0.00 ms.
Mono: successfully reloaded assembly
- Completed reload, in  1.164 seconds
Platform modules already initialized, skipping
Refreshing native plugins compatible for Editor in 0.39 ms, found 1 plugins.
Preloading 0 native plugins for Editor in 0.00 ms.
Unloading 1836 Unused Serialized files (Serialized files now loaded: 0)
System memory in use before: 87.6 MB.
System memory in use after: 87.2 MB.

Unloading 22 unused Assets to reduce memory usage. Loaded Objects now: 2426.
Total: 2.808900 ms (FindLiveObjects: 0.275900 ms CreateObjectMapping: 0.134500 ms MarkObjects: 2.008600 ms  DeleteObjects: 0.387700 ms)

========================================================================
Received Prepare
Registering precompiled user dll's ...
Registered in 0.001865 seconds.
Begin MonoManager ReloadAssembly
Native extension for WindowsStandalone target not found
Native extension for WebGL target not found
Refreshing native plugins compatible for Editor in 0.41 ms, found 1 plugins.
Preloading 0 native plugins for Editor in 0.00 ms.
Mono: successfully reloaded assembly
- Completed reload, in  1.171 seconds
Platform modules already initialized, skipping
Refreshing native plugins compatible for Editor in 0.43 ms, found 1 plugins.
Preloading 0 native plugins for Editor in 0.00 ms.
Unloading 1836 Unused Serialized files (Serialized files now loaded: 0)
System memory in use before: 87.6 MB.
System memory in use after: 87.2 MB.

Unloading 22 unused Assets to reduce memory usage. Loaded Objects now: 2430.
Total: 2.765200 ms (FindLiveObjects: 0.326500 ms CreateObjectMapping: 0.103100 ms MarkObjects: 1.999500 ms  DeleteObjects: 0.334000 ms)

========================================================================
Received Prepare
Registering precompiled user dll's ...
Registered in 0.002653 seconds.
Begin MonoManager ReloadAssembly
Native extension for WindowsStandalone target not found
Native extension for WebGL target not found
Refreshing native plugins compatible for Editor in 0.39 ms, found 1 plugins.
Preloading 0 native plugins for Editor in 0.00 ms.
Mono: successfully reloaded assembly
- Completed reload, in  1.160 seconds
Platform modules already initialized, skipping
Refreshing native plugins compatible for Editor in 0.39 ms, found 1 plugins.
Preloading 0 native plugins for Editor in 0.00 ms.
Unloading 1836 Unused Serialized files (Serialized files now loaded: 0)
System memory in use before: 87.6 MB.
System memory in use after: 87.2 MB.

Unloading 22 unused Assets to reduce memory usage. Loaded Objects now: 2434.
Total: 3.349600 ms (FindLiveObjects: 0.374300 ms CreateObjectMapping: 0.100500 ms MarkObjects: 2.556000 ms  DeleteObjects: 0.315700 ms)

========================================================================
Received Prepare
Registering precompiled user dll's ...
Registered in 0.002129 seconds.
Begin MonoManager ReloadAssembly
Native extension for WindowsStandalone target not found
Native extension for WebGL target not found
Refreshing native plugins compatible for Editor in 0.42 ms, found 1 plugins.
Preloading 0 native plugins for Editor in 0.00 ms.
Mono: successfully reloaded assembly
- Completed reload, in  1.163 seconds
Platform modules already initialized, skipping
Refreshing native plugins compatible for Editor in 0.44 ms, found 1 plugins.
Preloading 0 native plugins for Editor in 0.00 ms.
Unloading 1836 Unused Serialized files (Serialized files now loaded: 0)
System memory in use before: 87.6 MB.
System memory in use after: 87.2 MB.

Unloading 22 unused Assets to reduce memory usage. Loaded Objects now: 2438.
Total: 3.128600 ms (FindLiveObjects: 0.318000 ms CreateObjectMapping: 0.165700 ms MarkObjects: 2.266100 ms  DeleteObjects: 0.375600 ms)

========================================================================
Received Prepare
Registering precompiled user dll's ...
Registered in 0.001417 seconds.
Begin MonoManager ReloadAssembly
Native extension for WindowsStandalone target not found
Native extension for WebGL target not found
Refreshing native plugins compatible for Editor in 0.40 ms, found 1 plugins.
Preloading 0 native plugins for Editor in 0.00 ms.
Mono: successfully reloaded assembly
- Completed reload, in  1.152 seconds
Platform modules already initialized, skipping
Refreshing native plugins compatible for Editor in 0.39 ms, found 1 plugins.
Preloading 0 native plugins for Editor in 0.00 ms.
Unloading 1836 Unused Serialized files (Serialized files now loaded: 0)
System memory in use before: 87.6 MB.
System memory in use after: 87.2 MB.

Unloading 22 unused Assets to reduce memory usage. Loaded Objects now: 2442.
Total: 2.928200 ms (FindLiveObjects: 0.326400 ms CreateObjectMapping: 0.129200 ms MarkObjects: 2.095900 ms  DeleteObjects: 0.375200 ms)

========================================================================
Received Prepare
Registering precompiled user dll's ...
Registered in 0.002078 seconds.
Begin MonoManager ReloadAssembly
Native extension for WindowsStandalone target not found
Native extension for WebGL target not found
Refreshing native plugins compatible for Editor in 0.48 ms, found 1 plugins.
Preloading 0 native plugins for Editor in 0.00 ms.
Mono: successfully reloaded assembly
- Completed reload, in  1.141 seconds
Platform modules already initialized, skipping
Refreshing native plugins compatible for Editor in 0.48 ms, found 1 plugins.
Preloading 0 native plugins for Editor in 0.00 ms.
Unloading 1836 Unused Serialized files (Serialized files now loaded: 0)
System memory in use before: 87.6 MB.
System memory in use after: 87.2 MB.

Unloading 22 unused Assets to reduce memory usage. Loaded Objects now: 2446.
Total: 3.098100 ms (FindLiveObjects: 0.449100 ms CreateObjectMapping: 0.162400 ms MarkObjects: 2.145200 ms  DeleteObjects: 0.338500 ms)

========================================================================
Received Prepare
Registering precompiled user dll's ...
Registered in 0.001437 seconds.
Begin MonoManager ReloadAssembly
Native extension for WindowsStandalone target not found
Native extension for WebGL target not found
Refreshing native plugins compatible for Editor in 0.39 ms, found 1 plugins.
Preloading 0 native plugins for Editor in 0.00 ms.
Mono: successfully reloaded assembly
- Completed reload, in  1.176 seconds
Platform modules already initialized, skipping
Refreshing native plugins compatible for Editor in 0.41 ms, found 1 plugins.
Preloading 0 native plugins for Editor in 0.00 ms.
Unloading 1836 Unused Serialized files (Serialized files now loaded: 0)
System memory in use before: 87.7 MB.
System memory in use after: 87.2 MB.

Unloading 22 unused Assets to reduce memory usage. Loaded Objects now: 2450.
Total: 2.747800 ms (FindLiveObjects: 0.273300 ms CreateObjectMapping: 0.103100 ms MarkObjects: 1.944900 ms  DeleteObjects: 0.424500 ms)

========================================================================
Received Prepare
Registering precompiled user dll's ...
Registered in 0.002192 seconds.
Begin MonoManager ReloadAssembly
Native extension for WindowsStandalone target not found
Native extension for WebGL target not found
Refreshing native plugins compatible for Editor in 0.58 ms, found 1 plugins.
Preloading 0 native plugins for Editor in 0.00 ms.
Mono: successfully reloaded assembly
- Completed reload, in  1.667 seconds
Platform modules already initialized, skipping
Refreshing native plugins compatible for Editor in 0.84 ms, found 1 plugins.
Preloading 0 native plugins for Editor in 0.00 ms.
Unloading 1836 Unused Serialized files (Serialized files now loaded: 0)
System memory in use before: 87.7 MB.
System memory in use after: 87.3 MB.

Unloading 22 unused Assets to reduce memory usage. Loaded Objects now: 2454.
Total: 5.782600 ms (FindLiveObjects: 1.932500 ms CreateObjectMapping: 0.364200 ms MarkObjects: 3.091400 ms  DeleteObjects: 0.385300 ms)

========================================================================
Received Prepare
Registering precompiled user dll's ...
Registered in 0.002074 seconds.
Begin MonoManager ReloadAssembly
Native extension for WindowsStandalone target not found
Native extension for WebGL target not found
Refreshing native plugins compatible for Editor in 0.41 ms, found 1 plugins.
Preloading 0 native plugins for Editor in 0.00 ms.
Mono: successfully reloaded assembly
- Completed reload, in  1.164 seconds
Platform modules already initialized, skipping
Refreshing native plugins compatible for Editor in 0.53 ms, found 1 plugins.
Preloading 0 native plugins for Editor in 0.00 ms.
Unloading 1836 Unused Serialized files (Serialized files now loaded: 0)
System memory in use before: 87.7 MB.
System memory in use after: 87.3 MB.

Unloading 22 unused Assets to reduce memory usage. Loaded Objects now: 2458.
Total: 3.079100 ms (FindLiveObjects: 0.312800 ms CreateObjectMapping: 0.123700 ms MarkObjects: 2.313900 ms  DeleteObjects: 0.326900 ms)

========================================================================
Received Prepare
Registering precompiled user dll's ...
Registered in 0.001947 seconds.
Begin MonoManager ReloadAssembly
Native extension for WindowsStandalone target not found
Native extension for WebGL target not found
Refreshing native plugins compatible for Editor in 0.44 ms, found 1 plugins.
Preloading 0 native plugins for Editor in 0.00 ms.
Mono: successfully reloaded assembly
- Completed reload, in  1.152 seconds
Platform modules already initialized, skipping
Refreshing native plugins compatible for Editor in 0.39 ms, found 1 plugins.
Preloading 0 native plugins for Editor in 0.00 ms.
Unloading 1836 Unused Serialized files (Serialized files now loaded: 0)
System memory in use before: 87.7 MB.
System memory in use after: 87.3 MB.

Unloading 22 unused Assets to reduce memory usage. Loaded Objects now: 2462.
Total: 4.063000 ms (FindLiveObjects: 0.463800 ms CreateObjectMapping: 0.112700 ms MarkObjects: 2.959500 ms  DeleteObjects: 0.524900 ms)

========================================================================
Received Prepare
Registering precompiled user dll's ...
Registered in 0.002252 seconds.
Begin MonoManager ReloadAssembly
Native extension for WindowsStandalone target not found
Native extension for WebGL target not found
Refreshing native plugins compatible for Editor in 0.44 ms, found 1 plugins.
Preloading 0 native plugins for Editor in 0.00 ms.
Mono: successfully reloaded assembly
- Completed reload, in  1.157 seconds
Platform modules already initialized, skipping
Refreshing native plugins compatible for Editor in 0.39 ms, found 1 plugins.
Preloading 0 native plugins for Editor in 0.00 ms.
Unloading 1836 Unused Serialized files (Serialized files now loaded: 0)
System memory in use before: 87.7 MB.
System memory in use after: 87.3 MB.

Unloading 22 unused Assets to reduce memory usage. Loaded Objects now: 2466.
Total: 3.507800 ms (FindLiveObjects: 1.086700 ms CreateObjectMapping: 0.138000 ms MarkObjects: 1.937200 ms  DeleteObjects: 0.343200 ms)

========================================================================
Received Prepare
Registering precompiled user dll's ...
Registered in 0.001856 seconds.
Begin MonoManager ReloadAssembly
Native extension for WindowsStandalone target not found
Native extension for WebGL target not found
Refreshing native plugins compatible for Editor in 0.47 ms, found 1 plugins.
Preloading 0 native plugins for Editor in 0.00 ms.
Mono: successfully reloaded assembly
- Completed reload, in  1.043 seconds
Platform modules already initialized, skipping
Refreshing native plugins compatible for Editor in 0.43 ms, found 1 plugins.
Preloading 0 native plugins for Editor in 0.00 ms.
Unloading 1836 Unused Serialized files (Serialized files now loaded: 0)
System memory in use before: 87.7 MB.
System memory in use after: 87.3 MB.

Unloading 22 unused Assets to reduce memory usage. Loaded Objects now: 2470.
Total: 2.686900 ms (FindLiveObjects: 0.191100 ms CreateObjectMapping: 0.066000 ms MarkObjects: 2.099200 ms  DeleteObjects: 0.328200 ms)

========================================================================
Received Prepare
Registering precompiled user dll's ...
Registered in 0.001447 seconds.
Begin MonoManager ReloadAssembly
Native extension for WindowsStandalone target not found
Native extension for WebGL target not found
Refreshing native plugins compatible for Editor in 0.44 ms, found 1 plugins.
Preloading 0 native plugins for Editor in 0.00 ms.
Mono: successfully reloaded assembly
- Completed reload, in  1.165 seconds
Platform modules already initialized, skipping
Refreshing native plugins compatible for Editor in 0.41 ms, found 1 plugins.
Preloading 0 native plugins for Editor in 0.00 ms.
Unloading 1836 Unused Serialized files (Serialized files now loaded: 0)
System memory in use before: 87.7 MB.
System memory in use after: 87.3 MB.

Unloading 22 unused Assets to reduce memory usage. Loaded Objects now: 2474.
Total: 3.235100 ms (FindLiveObjects: 0.843400 ms CreateObjectMapping: 0.167700 ms MarkObjects: 1.903500 ms  DeleteObjects: 0.318300 ms)

========================================================================
Received Prepare
Registering precompiled user dll's ...
Registered in 0.002010 seconds.
Begin MonoManager ReloadAssembly
Native extension for WindowsStandalone target not found
Native extension for WebGL target not found
Refreshing native plugins compatible for Editor in 0.44 ms, found 1 plugins.
Preloading 0 native plugins for Editor in 0.00 ms.
Mono: successfully reloaded assembly
- Completed reload, in  1.134 seconds
Platform modules already initialized, skipping
Refreshing native plugins compatible for Editor in 0.41 ms, found 1 plugins.
Preloading 0 native plugins for Editor in 0.00 ms.
Unloading 1836 Unused Serialized files (Serialized files now loaded: 0)
System memory in use before: 87.7 MB.
System memory in use after: 87.3 MB.

Unloading 22 unused Assets to reduce memory usage. Loaded Objects now: 2478.
Total: 3.432300 ms (FindLiveObjects: 0.254100 ms CreateObjectMapping: 0.101300 ms MarkObjects: 2.511700 ms  DeleteObjects: 0.563300 ms)

========================================================================
Received Prepare
Registering precompiled user dll's ...
Registered in 0.001388 seconds.
Begin MonoManager ReloadAssembly
Native extension for WindowsStandalone target not found
Native extension for WebGL target not found
Refreshing native plugins compatible for Editor in 0.54 ms, found 1 plugins.
Preloading 0 native plugins for Editor in 0.00 ms.
Mono: successfully reloaded assembly
- Completed reload, in  1.127 seconds
Platform modules already initialized, skipping
Refreshing native plugins compatible for Editor in 0.40 ms, found 1 plugins.
Preloading 0 native plugins for Editor in 0.00 ms.
Unloading 1836 Unused Serialized files (Serialized files now loaded: 0)
System memory in use before: 87.7 MB.
System memory in use after: 87.3 MB.

Unloading 22 unused Assets to reduce memory usage. Loaded Objects now: 2482.
Total: 2.813200 ms (FindLiveObjects: 0.301800 ms CreateObjectMapping: 0.202500 ms MarkObjects: 1.978700 ms  DeleteObjects: 0.327300 ms)

========================================================================
Received Prepare
Registering precompiled user dll's ...
Registered in 0.002010 seconds.
Begin MonoManager ReloadAssembly
Native extension for WindowsStandalone target not found
Native extension for WebGL target not found
Refreshing native plugins compatible for Editor in 0.41 ms, found 1 plugins.
Preloading 0 native plugins for Editor in 0.00 ms.
Mono: successfully reloaded assembly
- Completed reload, in  1.470 seconds
Platform modules already initialized, skipping
Refreshing native plugins compatible for Editor in 0.40 ms, found 1 plugins.
Preloading 0 native plugins for Editor in 0.00 ms.
Unloading 1836 Unused Serialized files (Serialized files now loaded: 0)
System memory in use before: 87.7 MB.
System memory in use after: 87.3 MB.

Unloading 22 unused Assets to reduce memory usage. Loaded Objects now: 2486.
Total: 2.829600 ms (FindLiveObjects: 0.351400 ms CreateObjectMapping: 0.130200 ms MarkObjects: 2.023800 ms  DeleteObjects: 0.322500 ms)

========================================================================
Received Prepare
Registering precompiled user dll's ...
Registered in 0.001470 seconds.
Begin MonoManager ReloadAssembly
Native extension for WindowsStandalone target not found
Native extension for WebGL target not found
Refreshing native plugins compatible for Editor in 0.83 ms, found 1 plugins.
Preloading 0 native plugins for Editor in 0.00 ms.
Mono: successfully reloaded assembly
- Completed reload, in  1.554 seconds
Platform modules already initialized, skipping
Refreshing native plugins compatible for Editor in 0.77 ms, found 1 plugins.
Preloading 0 native plugins for Editor in 0.00 ms.
Unloading 1836 Unused Serialized files (Serialized files now loaded: 0)
System memory in use before: 87.7 MB.
System memory in use after: 87.3 MB.

Unloading 22 unused Assets to reduce memory usage. Loaded Objects now: 2490.
Total: 3.421000 ms (FindLiveObjects: 0.354300 ms CreateObjectMapping: 0.176300 ms MarkObjects: 2.306300 ms  DeleteObjects: 0.582000 ms)

========================================================================
Received Prepare
Registering precompiled user dll's ...
Registered in 0.001455 seconds.
Begin MonoManager ReloadAssembly
Native extension for WindowsStandalone target not found
Native extension for WebGL target not found
Refreshing native plugins compatible for Editor in 0.39 ms, found 1 plugins.
Preloading 0 native plugins for Editor in 0.00 ms.
Mono: successfully reloaded assembly
- Completed reload, in  1.192 seconds
Platform modules already initialized, skipping
Refreshing native plugins compatible for Editor in 0.42 ms, found 1 plugins.
Preloading 0 native plugins for Editor in 0.00 ms.
Unloading 1836 Unused Serialized files (Serialized files now loaded: 0)
System memory in use before: 87.7 MB.
System memory in use after: 87.3 MB.

Unloading 22 unused Assets to reduce memory usage. Loaded Objects now: 2494.
Total: 2.612900 ms (FindLiveObjects: 0.228800 ms CreateObjectMapping: 0.094300 ms MarkObjects: 1.969400 ms  DeleteObjects: 0.319000 ms)

========================================================================
Received Prepare
Registering precompiled user dll's ...
Registered in 0.001444 seconds.
Begin MonoManager ReloadAssembly
Native extension for WindowsStandalone target not found
Native extension for WebGL target not found
Refreshing native plugins compatible for Editor in 0.40 ms, found 1 plugins.
Preloading 0 native plugins for Editor in 0.00 ms.
Mono: successfully reloaded assembly
- Completed reload, in  1.125 seconds
Platform modules already initialized, skipping
Refreshing native plugins compatible for Editor in 0.40 ms, found 1 plugins.
Preloading 0 native plugins for Editor in 0.00 ms.
Unloading 1836 Unused Serialized files (Serialized files now loaded: 0)
System memory in use before: 87.8 MB.
System memory in use after: 87.4 MB.

Unloading 22 unused Assets to reduce memory usage. Loaded Objects now: 2498.
Total: 3.096100 ms (FindLiveObjects: 0.266400 ms CreateObjectMapping: 0.076700 ms MarkObjects: 2.248300 ms  DeleteObjects: 0.501500 ms)

========================================================================
Received Prepare
Registering precompiled user dll's ...
Registered in 0.001464 seconds.
Begin MonoManager ReloadAssembly
Native extension for WindowsStandalone target not found
Native extension for WebGL target not found
Refreshing native plugins compatible for Editor in 0.39 ms, found 1 plugins.
Preloading 0 native plugins for Editor in 0.00 ms.
Mono: successfully reloaded assembly
- Completed reload, in  0.994 seconds
Platform modules already initialized, skipping
Refreshing native plugins compatible for Editor in 0.49 ms, found 1 plugins.
Preloading 0 native plugins for Editor in 0.00 ms.
Unloading 1836 Unused Serialized files (Serialized files now loaded: 0)
System memory in use before: 87.8 MB.
System memory in use after: 87.4 MB.

Unloading 22 unused Assets to reduce memory usage. Loaded Objects now: 2502.
Total: 2.900700 ms (FindLiveObjects: 0.357100 ms CreateObjectMapping: 0.116300 ms MarkObjects: 2.097800 ms  DeleteObjects: 0.326900 ms)

========================================================================
Received Prepare
Registering precompiled user dll's ...
Registered in 0.002291 seconds.
Begin MonoManager ReloadAssembly
Native extension for WindowsStandalone target not found
Native extension for WebGL target not found
Refreshing native plugins compatible for Editor in 0.47 ms, found 1 plugins.
Preloading 0 native plugins for Editor in 0.00 ms.
Mono: successfully reloaded assembly
- Completed reload, in  1.323 seconds
Platform modules already initialized, skipping
Refreshing native plugins compatible for Editor in 0.40 ms, found 1 plugins.
Preloading 0 native plugins for Editor in 0.00 ms.
Unloading 1836 Unused Serialized files (Serialized files now loaded: 0)
System memory in use before: 87.8 MB.
System memory in use after: 87.4 MB.

Unloading 22 unused Assets to reduce memory usage. Loaded Objects now: 2506.
Total: 3.349800 ms (FindLiveObjects: 0.220100 ms CreateObjectMapping: 0.068700 ms MarkObjects: 2.701200 ms  DeleteObjects: 0.357300 ms)

========================================================================
Received Prepare
Registering precompiled user dll's ...
Registered in 0.002328 seconds.
Begin MonoManager ReloadAssembly
Native extension for WindowsStandalone target not found
Native extension for WebGL target not found
Refreshing native plugins compatible for Editor in 0.61 ms, found 1 plugins.
Preloading 0 native plugins for Editor in 0.00 ms.
Mono: successfully reloaded assembly
- Completed reload, in  1.131 seconds
Platform modules already initialized, skipping
Refreshing native plugins compatible for Editor in 0.64 ms, found 1 plugins.
Preloading 0 native plugins for Editor in 0.00 ms.
Unloading 1836 Unused Serialized files (Serialized files now loaded: 0)
System memory in use before: 87.8 MB.
System memory in use after: 87.4 MB.

Unloading 22 unused Assets to reduce memory usage. Loaded Objects now: 2510.
Total: 3.147400 ms (FindLiveObjects: 0.656700 ms CreateObjectMapping: 0.095000 ms MarkObjects: 2.050800 ms  DeleteObjects: 0.342900 ms)

========================================================================
Received Prepare
Registering precompiled user dll's ...
Registered in 0.001411 seconds.
Begin MonoManager ReloadAssembly
Native extension for WindowsStandalone target not found
Native extension for WebGL target not found
Refreshing native plugins compatible for Editor in 0.48 ms, found 1 plugins.
Preloading 0 native plugins for Editor in 0.00 ms.
Mono: successfully reloaded assembly
- Completed reload, in  1.251 seconds
Platform modules already initialized, skipping
Refreshing native plugins compatible for Editor in 0.47 ms, found 1 plugins.
Preloading 0 native plugins for Editor in 0.00 ms.
Unloading 1836 Unused Serialized files (Serialized files now loaded: 0)
System memory in use before: 87.8 MB.
System memory in use after: 87.4 MB.

Unloading 22 unused Assets to reduce memory usage. Loaded Objects now: 2514.
Total: 3.950700 ms (FindLiveObjects: 0.275400 ms CreateObjectMapping: 0.188600 ms MarkObjects: 3.155500 ms  DeleteObjects: 0.329100 ms)

========================================================================
Received Prepare
Registering precompiled user dll's ...
Registered in 0.001416 seconds.
Begin MonoManager ReloadAssembly
Native extension for WindowsStandalone target not found
Native extension for WebGL target not found
Refreshing native plugins compatible for Editor in 0.50 ms, found 1 plugins.
Preloading 0 native plugins for Editor in 0.00 ms.
Mono: successfully reloaded assembly
- Completed reload, in  1.020 seconds
Platform modules already initialized, skipping
Refreshing native plugins compatible for Editor in 0.40 ms, found 1 plugins.
Preloading 0 native plugins for Editor in 0.00 ms.
Unloading 1836 Unused Serialized files (Serialized files now loaded: 0)
System memory in use before: 87.8 MB.
System memory in use after: 87.4 MB.

Unloading 22 unused Assets to reduce memory usage. Loaded Objects now: 2518.
Total: 2.944400 ms (FindLiveObjects: 0.436900 ms CreateObjectMapping: 0.232500 ms MarkObjects: 1.952500 ms  DeleteObjects: 0.320900 ms)

========================================================================
Received Prepare
Registering precompiled user dll's ...
Registered in 0.002004 seconds.
Begin MonoManager ReloadAssembly
Native extension for WindowsStandalone target not found
Native extension for WebGL target not found
Refreshing native plugins compatible for Editor in 0.40 ms, found 1 plugins.
Preloading 0 native plugins for Editor in 0.00 ms.
Mono: successfully reloaded assembly
- Completed reload, in  0.990 seconds
Platform modules already initialized, skipping
Refreshing native plugins compatible for Editor in 0.40 ms, found 1 plugins.
Preloading 0 native plugins for Editor in 0.00 ms.
Unloading 1836 Unused Serialized files (Serialized files now loaded: 0)
System memory in use before: 87.8 MB.
System memory in use after: 87.4 MB.

Unloading 22 unused Assets to reduce memory usage. Loaded Objects now: 2522.
Total: 2.744700 ms (FindLiveObjects: 0.192300 ms CreateObjectMapping: 0.069100 ms MarkObjects: 2.155800 ms  DeleteObjects: 0.325500 ms)

AssetImportWorkerClient::OnTransportError - code=2 error=End of file
